<?xml version="1.0" encoding="UTF-8"?>
<!-- Generated by org.testng.reporters.JUnitReportReporter -->
<testsuite hostname="Navya-PC" name="com.onelogin.tests.LoginTest" tests="1" failures="0" timestamp="6 Apr 2015 07:01:21 GMT" time="8.218" errors="0">
  <testcase name="TestLogin" time="8.218" classname="com.onelogin.tests.LoginTest"/>
</testsuite> <!-- com.onelogin.tests.LoginTest -->
