<?xml version="1.0" encoding="UTF-8"?>
<!-- Generated by org.testng.reporters.JUnitReportReporter -->
<testsuite hostname="Navya-PC" name="com.onelogin.tests.GeneralTabBarTest" tests="1" failures="1" timestamp="6 Apr 2015 07:01:21 GMT" time="0.004" errors="0">
  <testcase name="ContactTabBar" time="0.004" classname="com.onelogin.tests.GeneralTabBarTest">
    <failure type="java.lang.StackOverflowError">
      <![CDATA[java.lang.StackOverflowError
	at com.onelogin.tests.GeneralTabBarTest.ContactTabBar(GeneralTabBarTest.java:11)
	at com.onelogin.tests.GeneralTabBarTest.ContactTabBar(GeneralTabBarTest.java:12)
	at com.onelogin.tests.GeneralTabBarTest.ContactTabBar(GeneralTabBarTest.java:12)
	at com.onelogin.tests.GeneralTabBarTest.ContactTabBar(GeneralTabBarTest.java:12)
	at com.onelogin.tests.GeneralTabBarTest.ContactTabBar(GeneralTabBarTest.java:12)
	at com.onelogin.tests.GeneralTabBarTest.ContactTabBar(GeneralTabBarTest.java:12)
	at com.onelogin.tests.GeneralTabBarTest.ContactTabBar(GeneralTabBarTest.java:12)
	at com.onelogin.tests.GeneralTabBarTest.ContactTabBar(GeneralTabBarTest.java:12)
	at com.onelogin.tests.GeneralTabBarTest.ContactTabBar(GeneralTabBarTest.java:12)
	at com.onelogin.tests.GeneralTabBarTest.ContactTabBar(GeneralTabBarTest.java:12)
	at com.onelogin.tests.GeneralTabBarTest.ContactTabBar(GeneralTabBarTest.java:12)
	at com.onelogin.tests.GeneralTabBarTest.ContactTabBar(GeneralTabBarTest.java:12)
	at com.onelogin.tests.GeneralTabBarTest.ContactTabBar(GeneralTabBarTest.java:12)
	at com.onelogin.tests.GeneralTabBarTest.ContactTabBar(GeneralTabBarTest.java:12)
	at com.onelogin.tests.GeneralTabBarTest.ContactTabBar(GeneralTabBarTest.java:12)
	at com.onelogin.tests.GeneralTabBarTest.ContactTabBar(GeneralTabBarTest.java:12)
	at com.onelogin.tests.GeneralTabBarTest.ContactTabBar(GeneralTabBarTest.java:12)
	at com.onelogin.tests.GeneralTabBarTest.ContactTabBar(GeneralTabBarTest.java:12)
	at com.onelogin.tests.GeneralTabBarTest.ContactTabBar(GeneralTabBarTest.java:12)
	at com.onelogin.tests.GeneralTabBarTest.ContactTabBar(GeneralTabBarTest.java:12)
	at com.onelogin.tests.GeneralTabBarTest.ContactTabBar(GeneralTabBarTest.java:12)
	at com.onelogin.tests.GeneralTabBarTest.ContactTabBar(GeneralTabBarTest.java:12)
	at com.onelogin.tests.GeneralTabBarTest.ContactTabBar(GeneralTabBarTest.java:12)
	at com.onelogin.tests.GeneralTabBarTest.ContactTabBar(GeneralTabBarTest.java:12)
	at com.onelogin.tests.GeneralTabBarTest.ContactTabBar(GeneralTabBarTest.java:12)
	at com.onelogin.tests.GeneralTabBarTest.ContactTabBar(GeneralTabBarTest.java:12)
	at com.onelogin.tests.GeneralTabBarTest.ContactTabBar(GeneralTabBarTest.java:12)
	at com.onelogin.tests.GeneralTabBarTest.ContactTabBar(GeneralTabBarTest.java:12)
	at com.onelogin.tests.GeneralTabBarTest.ContactTabBar(GeneralTabBarTest.java:12)
	at com.onelogin.tests.GeneralTabBarTest.ContactTabBar(GeneralTabBarTest.java:12)
	at com.onelogin.tests.GeneralTabBarTest.ContactTabBar(GeneralTabBarTest.java:12)
	at com.onelogin.tests.GeneralTabBarTest.ContactTabBar(GeneralTabBarTest.java:12)
	at com.onelogin.tests.GeneralTabBarTest.ContactTabBar(GeneralTabBarTest.java:12)
	at com.onelogin.tests.GeneralTabBarTest.ContactTabBar(GeneralTabBarTest.java:12)
	at com.onelogin.tests.GeneralTabBarTest.ContactTabBar(GeneralTabBarTest.java:12)
	at com.onelogin.tests.GeneralTabBarTest.ContactTabBar(GeneralTabBarTest.java:12)
	at com.onelogin.tests.GeneralTabBarTest.ContactTabBar(GeneralTabBarTest.java:12)
	at com.onelogin.tests.GeneralTabBarTest.ContactTabBar(GeneralTabBarTest.java:12)
	at com.onelogin.tests.GeneralTabBarTest.ContactTabBar(GeneralTabBarTest.java:12)
	at com.onelogin.tests.GeneralTabBarTest.ContactTabBar(GeneralTabBarTest.java:12)
	at com.onelogin.tests.GeneralTabBarTest.ContactTabBar(GeneralTabBarTest.java:12)
	at com.onelogin.tests.GeneralTabBarTest.ContactTabBar(GeneralTabBarTest.java:12)
	at com.onelogin.tests.GeneralTabBarTest.ContactTabBar(GeneralTabBarTest.java:12)
	at com.onelogin.tests.GeneralTabBarTest.ContactTabBar(GeneralTabBarTest.java:12)
	at com.onelogin.tests.GeneralTabBarTest.ContactTabBar(GeneralTabBarTest.java:12)
	at com.onelogin.tests.GeneralTabBarTest.ContactTabBar(GeneralTabBarTest.java:12)
	at com.onelogin.tests.GeneralTabBarTest.ContactTabBar(GeneralTabBarTest.java:12)
	at com.onelogin.tests.GeneralTabBarTest.ContactTabBar(GeneralTabBarTest.java:12)
	at com.onelogin.tests.GeneralTabBarTest.ContactTabBar(GeneralTabBarTest.java:12)
	at com.onelogin.tests.GeneralTabBarTest.ContactTabBar(GeneralTabBarTest.java:12)
	at com.onelogin.tests.GeneralTabBarTest.ContactTabBar(GeneralTabBarTest.java:12)
	at com.onelogin.tests.GeneralTabBarTest.ContactTabBar(GeneralTabBarTest.java:12)
	at com.onelogin.tests.GeneralTabBarTest.ContactTabBar(GeneralTabBarTest.java:12)
	at com.onelogin.tests.GeneralTabBarTest.ContactTabBar(GeneralTabBarTest.java:12)
	at com.onelogin.tests.GeneralTabBarTest.ContactTabBar(GeneralTabBarTest.java:12)
	at com.onelogin.tests.GeneralTabBarTest.ContactTabBar(GeneralTabBarTest.java:12)
	at com.onelogin.tests.GeneralTabBarTest.ContactTabBar(GeneralTabBarTest.java:12)
	at com.onelogin.tests.GeneralTabBarTest.ContactTabBar(GeneralTabBarTest.java:12)
	at com.onelogin.tests.GeneralTabBarTest.ContactTabBar(GeneralTabBarTest.java:12)
	at com.onelogin.tests.GeneralTabBarTest.ContactTabBar(GeneralTabBarTest.java:12)
	at com.onelogin.tests.GeneralTabBarTest.ContactTabBar(GeneralTabBarTest.java:12)
	at com.onelogin.tests.GeneralTabBarTest.ContactTabBar(GeneralTabBarTest.java:12)
	at com.onelogin.tests.GeneralTabBarTest.ContactTabBar(GeneralTabBarTest.java:12)
	at com.onelogin.tests.GeneralTabBarTest.ContactTabBar(GeneralTabBarTest.java:12)
	at com.onelogin.tests.GeneralTabBarTest.ContactTabBar(GeneralTabBarTest.java:12)
	at com.onelogin.tests.GeneralTabBarTest.ContactTabBar(GeneralTabBarTest.java:12)
	at com.onelogin.tests.GeneralTabBarTest.ContactTabBar(GeneralTabBarTest.java:12)
	at com.onelogin.tests.GeneralTabBarTest.ContactTabBar(GeneralTabBarTest.java:12)
	at com.onelogin.tests.GeneralTabBarTest.ContactTabBar(GeneralTabBarTest.java:12)
	at com.onelogin.tests.GeneralTabBarTest.ContactTabBar(GeneralTabBarTest.java:12)
	at com.onelogin.tests.GeneralTabBarTest.ContactTabBar(GeneralTabBarTest.java:12)
	at com.onelogin.tests.GeneralTabBarTest.ContactTabBar(GeneralTabBarTest.java:12)
	at com.onelogin.tests.GeneralTabBarTest.ContactTabBar(GeneralTabBarTest.java:12)
	at com.onelogin.tests.GeneralTabBarTest.ContactTabBar(GeneralTabBarTest.java:12)
	at com.onelogin.tests.GeneralTabBarTest.ContactTabBar(GeneralTabBarTest.java:12)
	at com.onelogin.tests.GeneralTabBarTest.ContactTabBar(GeneralTabBarTest.java:12)
	at com.onelogin.tests.GeneralTabBarTest.ContactTabBar(GeneralTabBarTest.java:12)
	at com.onelogin.tests.GeneralTabBarTest.ContactTabBar(GeneralTabBarTest.java:12)
	at com.onelogin.tests.GeneralTabBarTest.ContactTabBar(GeneralTabBarTest.java:12)
	at com.onelogin.tests.GeneralTabBarTest.ContactTabBar(GeneralTabBarTest.java:12)
	at com.onelogin.tests.GeneralTabBarTest.ContactTabBar(GeneralTabBarTest.java:12)
	at com.onelogin.tests.GeneralTabBarTest.ContactTabBar(GeneralTabBarTest.java:12)
	at com.onelogin.tests.GeneralTabBarTest.ContactTabBar(GeneralTabBarTest.java:12)
	at com.onelogin.tests.GeneralTabBarTest.ContactTabBar(GeneralTabBarTest.java:12)
	at com.onelogin.tests.GeneralTabBarTest.ContactTabBar(GeneralTabBarTest.java:12)
	at com.onelogin.tests.GeneralTabBarTest.ContactTabBar(GeneralTabBarTest.java:12)
	at com.onelogin.tests.GeneralTabBarTest.ContactTabBar(GeneralTabBarTest.java:12)
	at com.onelogin.tests.GeneralTabBarTest.ContactTabBar(GeneralTabBarTest.java:12)
	at com.onelogin.tests.GeneralTabBarTest.ContactTabBar(GeneralTabBarTest.java:12)
	at com.onelogin.tests.GeneralTabBarTest.ContactTabBar(GeneralTabBarTest.java:12)
	at com.onelogin.tests.GeneralTabBarTest.ContactTabBar(GeneralTabBarTest.java:12)
	at com.onelogin.tests.GeneralTabBarTest.ContactTabBar(GeneralTabBarTest.java:12)
	at com.onelogin.tests.GeneralTabBarTest.ContactTabBar(GeneralTabBarTest.java:12)
	at com.onelogin.tests.GeneralTabBarTest.ContactTabBar(GeneralTabBarTest.java:12)
	at com.onelogin.tests.GeneralTabBarTest.ContactTabBar(GeneralTabBarTest.java:12)
	at com.onelogin.tests.GeneralTabBarTest.ContactTabBar(GeneralTabBarTest.java:12)
	at com.onelogin.tests.GeneralTabBarTest.ContactTabBar(GeneralTabBarTest.java:12)
	at com.onelogin.tests.GeneralTabBarTest.ContactTabBar(GeneralTabBarTest.java:12)
	at com.onelogin.tests.GeneralTabBarTest.ContactTabBar(GeneralTabBarTest.java:12)
	at com.onelogin.tests.GeneralTabBarTest.ContactTabBar(GeneralTabBarTest.java:12)
	at com.onelogin.tests.GeneralTabBarTest.ContactTabBar(GeneralTabBarTest.java:12)
	at com.onelogin.tests.GeneralTabBarTest.ContactTabBar(GeneralTabBarTest.java:12)
	at com.onelogin.tests.GeneralTabBarTest.ContactTabBar(GeneralTabBarTest.java:12)
	at com.onelogin.tests.GeneralTabBarTest.ContactTabBar(GeneralTabBarTest.java:12)
	at com.onelogin.tests.GeneralTabBarTest.ContactTabBar(GeneralTabBarTest.java:12)
	at com.onelogin.tests.GeneralTabBarTest.ContactTabBar(GeneralTabBarTest.java:12)
	at com.onelogin.tests.GeneralTabBarTest.ContactTabBar(GeneralTabBarTest.java:12)
	at com.onelogin.tests.GeneralTabBarTest.ContactTabBar(GeneralTabBarTest.java:12)
	at com.onelogin.tests.GeneralTabBarTest.ContactTabBar(GeneralTabBarTest.java:12)
	at com.onelogin.tests.GeneralTabBarTest.ContactTabBar(GeneralTabBarTest.java:12)
	at com.onelogin.tests.GeneralTabBarTest.ContactTabBar(GeneralTabBarTest.java:12)
	at com.onelogin.tests.GeneralTabBarTest.ContactTabBar(GeneralTabBarTest.java:12)
	at com.onelogin.tests.GeneralTabBarTest.ContactTabBar(GeneralTabBarTest.java:12)
	at com.onelogin.tests.GeneralTabBarTest.ContactTabBar(GeneralTabBarTest.java:12)
	at com.onelogin.tests.GeneralTabBarTest.ContactTabBar(GeneralTabBarTest.java:12)
	at com.onelogin.tests.GeneralTabBarTest.ContactTabBar(GeneralTabBarTest.java:12)
	at com.onelogin.tests.GeneralTabBarTest.ContactTabBar(GeneralTabBarTest.java:12)
	at com.onelogin.tests.GeneralTabBarTest.ContactTabBar(GeneralTabBarTest.java:12)
	at com.onelogin.tests.GeneralTabBarTest.ContactTabBar(GeneralTabBarTest.java:12)
	at com.onelogin.tests.GeneralTabBarTest.ContactTabBar(GeneralTabBarTest.java:12)
	at com.onelogin.tests.GeneralTabBarTest.ContactTabBar(GeneralTabBarTest.java:12)
	at com.onelogin.tests.GeneralTabBarTest.ContactTabBar(GeneralTabBarTest.java:12)
	at com.onelogin.tests.GeneralTabBarTest.ContactTabBar(GeneralTabBarTest.java:12)
	at com.onelogin.tests.GeneralTabBarTest.ContactTabBar(GeneralTabBarTest.java:12)
	at com.onelogin.tests.GeneralTabBarTest.ContactTabBar(GeneralTabBarTest.java:12)
	at com.onelogin.tests.GeneralTabBarTest.ContactTabBar(GeneralTabBarTest.java:12)
	at com.onelogin.tests.GeneralTabBarTest.ContactTabBar(GeneralTabBarTest.java:12)
	at com.onelogin.tests.GeneralTabBarTest.ContactTabBar(GeneralTabBarTest.java:12)
	at com.onelogin.tests.GeneralTabBarTest.ContactTabBar(GeneralTabBarTest.java:12)
	at com.onelogin.tests.GeneralTabBarTest.ContactTabBar(GeneralTabBarTest.java:12)
	at com.onelogin.tests.GeneralTabBarTest.ContactTabBar(GeneralTabBarTest.java:12)
	at com.onelogin.tests.GeneralTabBarTest.ContactTabBar(GeneralTabBarTest.java:12)
	at com.onelogin.tests.GeneralTabBarTest.ContactTabBar(GeneralTabBarTest.java:12)
	at com.onelogin.tests.GeneralTabBarTest.ContactTabBar(GeneralTabBarTest.java:12)
	at com.onelogin.tests.GeneralTabBarTest.ContactTabBar(GeneralTabBarTest.java:12)
	at com.onelogin.tests.GeneralTabBarTest.ContactTabBar(GeneralTabBarTest.java:12)
	at com.onelogin.tests.GeneralTabBarTest.ContactTabBar(GeneralTabBarTest.java:12)
	at com.onelogin.tests.GeneralTabBarTest.ContactTabBar(GeneralTabBarTest.java:12)
	at com.onelogin.tests.GeneralTabBarTest.ContactTabBar(GeneralTabBarTest.java:12)
	at com.onelogin.tests.GeneralTabBarTest.ContactTabBar(GeneralTabBarTest.java:12)
	at com.onelogin.tests.GeneralTabBarTest.ContactTabBar(GeneralTabBarTest.java:12)
	at com.onelogin.tests.GeneralTabBarTest.ContactTabBar(GeneralTabBarTest.java:12)
	at com.onelogin.tests.GeneralTabBarTest.ContactTabBar(GeneralTabBarTest.java:12)
	at com.onelogin.tests.GeneralTabBarTest.ContactTabBar(GeneralTabBarTest.java:12)
	at com.onelogin.tests.GeneralTabBarTest.ContactTabBar(GeneralTabBarTest.java:12)
	at com.onelogin.tests.GeneralTabBarTest.ContactTabBar(GeneralTabBarTest.java:12)
	at com.onelogin.tests.GeneralTabBarTest.ContactTabBar(GeneralTabBarTest.java:12)
	at com.onelogin.tests.GeneralTabBarTest.ContactTabBar(GeneralTabBarTest.java:12)
	at com.onelogin.tests.GeneralTabBarTest.ContactTabBar(GeneralTabBarTest.java:12)
	at com.onelogin.tests.GeneralTabBarTest.ContactTabBar(GeneralTabBarTest.java:12)
	at com.onelogin.tests.GeneralTabBarTest.ContactTabBar(GeneralTabBarTest.java:12)
	at com.onelogin.tests.GeneralTabBarTest.ContactTabBar(GeneralTabBarTest.java:12)
	at com.onelogin.tests.GeneralTabBarTest.ContactTabBar(GeneralTabBarTest.java:12)
	at com.onelogin.tests.GeneralTabBarTest.ContactTabBar(GeneralTabBarTest.java:12)
	at com.onelogin.tests.GeneralTabBarTest.ContactTabBar(GeneralTabBarTest.java:12)
	at com.onelogin.tests.GeneralTabBarTest.ContactTabBar(GeneralTabBarTest.java:12)
	at com.onelogin.tests.GeneralTabBarTest.ContactTabBar(GeneralTabBarTest.java:12)
	at com.onelogin.tests.GeneralTabBarTest.ContactTabBar(GeneralTabBarTest.java:12)
	at com.onelogin.tests.GeneralTabBarTest.ContactTabBar(GeneralTabBarTest.java:12)
	at com.onelogin.tests.GeneralTabBarTest.ContactTabBar(GeneralTabBarTest.java:12)
	at com.onelogin.tests.GeneralTabBarTest.ContactTabBar(GeneralTabBarTest.java:12)
	at com.onelogin.tests.GeneralTabBarTest.ContactTabBar(GeneralTabBarTest.java:12)
	at com.onelogin.tests.GeneralTabBarTest.ContactTabBar(GeneralTabBarTest.java:12)
	at com.onelogin.tests.GeneralTabBarTest.ContactTabBar(GeneralTabBarTest.java:12)
	at com.onelogin.tests.GeneralTabBarTest.ContactTabBar(GeneralTabBarTest.java:12)
	at com.onelogin.tests.GeneralTabBarTest.ContactTabBar(GeneralTabBarTest.java:12)
	at com.onelogin.tests.GeneralTabBarTest.ContactTabBar(GeneralTabBarTest.java:12)
	at com.onelogin.tests.GeneralTabBarTest.ContactTabBar(GeneralTabBarTest.java:12)
	at com.onelogin.tests.GeneralTabBarTest.ContactTabBar(GeneralTabBarTest.java:12)
	at com.onelogin.tests.GeneralTabBarTest.ContactTabBar(GeneralTabBarTest.java:12)
	at com.onelogin.tests.GeneralTabBarTest.ContactTabBar(GeneralTabBarTest.java:12)
	at com.onelogin.tests.GeneralTabBarTest.ContactTabBar(GeneralTabBarTest.java:12)
	at com.onelogin.tests.GeneralTabBarTest.ContactTabBar(GeneralTabBarTest.java:12)
	at com.onelogin.tests.GeneralTabBarTest.ContactTabBar(GeneralTabBarTest.java:12)
	at com.onelogin.tests.GeneralTabBarTest.ContactTabBar(GeneralTabBarTest.java:12)
	at com.onelogin.tests.GeneralTabBarTest.ContactTabBar(GeneralTabBarTest.java:12)
	at com.onelogin.tests.GeneralTabBarTest.ContactTabBar(GeneralTabBarTest.java:12)
	at com.onelogin.tests.GeneralTabBarTest.ContactTabBar(GeneralTabBarTest.java:12)
	at com.onelogin.tests.GeneralTabBarTest.ContactTabBar(GeneralTabBarTest.java:12)
	at com.onelogin.tests.GeneralTabBarTest.ContactTabBar(GeneralTabBarTest.java:12)
	at com.onelogin.tests.GeneralTabBarTest.ContactTabBar(GeneralTabBarTest.java:12)
	at com.onelogin.tests.GeneralTabBarTest.ContactTabBar(GeneralTabBarTest.java:12)
	at com.onelogin.tests.GeneralTabBarTest.ContactTabBar(GeneralTabBarTest.java:12)
	at com.onelogin.tests.GeneralTabBarTest.ContactTabBar(GeneralTabBarTest.java:12)
	at com.onelogin.tests.GeneralTabBarTest.ContactTabBar(GeneralTabBarTest.java:12)
	at com.onelogin.tests.GeneralTabBarTest.ContactTabBar(GeneralTabBarTest.java:12)
	at com.onelogin.tests.GeneralTabBarTest.ContactTabBar(GeneralTabBarTest.java:12)
	at com.onelogin.tests.GeneralTabBarTest.ContactTabBar(GeneralTabBarTest.java:12)
	at com.onelogin.tests.GeneralTabBarTest.ContactTabBar(GeneralTabBarTest.java:12)
	at com.onelogin.tests.GeneralTabBarTest.ContactTabBar(GeneralTabBarTest.java:12)
	at com.onelogin.tests.GeneralTabBarTest.ContactTabBar(GeneralTabBarTest.java:12)
	at com.onelogin.tests.GeneralTabBarTest.ContactTabBar(GeneralTabBarTest.java:12)
	at com.onelogin.tests.GeneralTabBarTest.ContactTabBar(GeneralTabBarTest.java:12)
	at com.onelogin.tests.GeneralTabBarTest.ContactTabBar(GeneralTabBarTest.java:12)
	at com.onelogin.tests.GeneralTabBarTest.ContactTabBar(GeneralTabBarTest.java:12)
	at com.onelogin.tests.GeneralTabBarTest.ContactTabBar(GeneralTabBarTest.java:12)
	at com.onelogin.tests.GeneralTabBarTest.ContactTabBar(GeneralTabBarTest.java:12)
	at com.onelogin.tests.GeneralTabBarTest.ContactTabBar(GeneralTabBarTest.java:12)
	at com.onelogin.tests.GeneralTabBarTest.ContactTabBar(GeneralTabBarTest.java:12)
	at com.onelogin.tests.GeneralTabBarTest.ContactTabBar(GeneralTabBarTest.java:12)
	at com.onelogin.tests.GeneralTabBarTest.ContactTabBar(GeneralTabBarTest.java:12)
	at com.onelogin.tests.GeneralTabBarTest.ContactTabBar(GeneralTabBarTest.java:12)
	at com.onelogin.tests.GeneralTabBarTest.ContactTabBar(GeneralTabBarTest.java:12)
	at com.onelogin.tests.GeneralTabBarTest.ContactTabBar(GeneralTabBarTest.java:12)
	at com.onelogin.tests.GeneralTabBarTest.ContactTabBar(GeneralTabBarTest.java:12)
	at com.onelogin.tests.GeneralTabBarTest.ContactTabBar(GeneralTabBarTest.java:12)
	at com.onelogin.tests.GeneralTabBarTest.ContactTabBar(GeneralTabBarTest.java:12)
	at com.onelogin.tests.GeneralTabBarTest.ContactTabBar(GeneralTabBarTest.java:12)
	at com.onelogin.tests.GeneralTabBarTest.ContactTabBar(GeneralTabBarTest.java:12)
	at com.onelogin.tests.GeneralTabBarTest.ContactTabBar(GeneralTabBarTest.java:12)
	at com.onelogin.tests.GeneralTabBarTest.ContactTabBar(GeneralTabBarTest.java:12)
	at com.onelogin.tests.GeneralTabBarTest.ContactTabBar(GeneralTabBarTest.java:12)
	at com.onelogin.tests.GeneralTabBarTest.ContactTabBar(GeneralTabBarTest.java:12)
	at com.onelogin.tests.GeneralTabBarTest.ContactTabBar(GeneralTabBarTest.java:12)
	at com.onelogin.tests.GeneralTabBarTest.ContactTabBar(GeneralTabBarTest.java:12)
	at com.onelogin.tests.GeneralTabBarTest.ContactTabBar(GeneralTabBarTest.java:12)
	at com.onelogin.tests.GeneralTabBarTest.ContactTabBar(GeneralTabBarTest.java:12)
	at com.onelogin.tests.GeneralTabBarTest.ContactTabBar(GeneralTabBarTest.java:12)
	at com.onelogin.tests.GeneralTabBarTest.ContactTabBar(GeneralTabBarTest.java:12)
	at com.onelogin.tests.GeneralTabBarTest.ContactTabBar(GeneralTabBarTest.java:12)
	at com.onelogin.tests.GeneralTabBarTest.ContactTabBar(GeneralTabBarTest.java:12)
	at com.onelogin.tests.GeneralTabBarTest.ContactTabBar(GeneralTabBarTest.java:12)
	at com.onelogin.tests.GeneralTabBarTest.ContactTabBar(GeneralTabBarTest.java:12)
	at com.onelogin.tests.GeneralTabBarTest.ContactTabBar(GeneralTabBarTest.java:12)
	at com.onelogin.tests.GeneralTabBarTest.ContactTabBar(GeneralTabBarTest.java:12)
	at com.onelogin.tests.GeneralTabBarTest.ContactTabBar(GeneralTabBarTest.java:12)
	at com.onelogin.tests.GeneralTabBarTest.ContactTabBar(GeneralTabBarTest.java:12)
	at com.onelogin.tests.GeneralTabBarTest.ContactTabBar(GeneralTabBarTest.java:12)
	at com.onelogin.tests.GeneralTabBarTest.ContactTabBar(GeneralTabBarTest.java:12)
	at com.onelogin.tests.GeneralTabBarTest.ContactTabBar(GeneralTabBarTest.java:12)
	at com.onelogin.tests.GeneralTabBarTest.ContactTabBar(GeneralTabBarTest.java:12)
	at com.onelogin.tests.GeneralTabBarTest.ContactTabBar(GeneralTabBarTest.java:12)
	at com.onelogin.tests.GeneralTabBarTest.ContactTabBar(GeneralTabBarTest.java:12)
	at com.onelogin.tests.GeneralTabBarTest.ContactTabBar(GeneralTabBarTest.java:12)
	at com.onelogin.tests.GeneralTabBarTest.ContactTabBar(GeneralTabBarTest.java:12)
	at com.onelogin.tests.GeneralTabBarTest.ContactTabBar(GeneralTabBarTest.java:12)
	at com.onelogin.tests.GeneralTabBarTest.ContactTabBar(GeneralTabBarTest.java:12)
	at com.onelogin.tests.GeneralTabBarTest.ContactTabBar(GeneralTabBarTest.java:12)
	at com.onelogin.tests.GeneralTabBarTest.ContactTabBar(GeneralTabBarTest.java:12)
	at com.onelogin.tests.GeneralTabBarTest.ContactTabBar(GeneralTabBarTest.java:12)
	at com.onelogin.tests.GeneralTabBarTest.ContactTabBar(GeneralTabBarTest.java:12)
	at com.onelogin.tests.GeneralTabBarTest.ContactTabBar(GeneralTabBarTest.java:12)
	at com.onelogin.tests.GeneralTabBarTest.ContactTabBar(GeneralTabBarTest.java:12)
	at com.onelogin.tests.GeneralTabBarTest.ContactTabBar(GeneralTabBarTest.java:12)
	at com.onelogin.tests.GeneralTabBarTest.ContactTabBar(GeneralTabBarTest.java:12)
	at com.onelogin.tests.GeneralTabBarTest.ContactTabBar(GeneralTabBarTest.java:12)
	at com.onelogin.tests.GeneralTabBarTest.ContactTabBar(GeneralTabBarTest.java:12)
	at com.onelogin.tests.GeneralTabBarTest.ContactTabBar(GeneralTabBarTest.java:12)
	at com.onelogin.tests.GeneralTabBarTest.ContactTabBar(GeneralTabBarTest.java:12)
	at com.onelogin.tests.GeneralTabBarTest.ContactTabBar(GeneralTabBarTest.java:12)
	at com.onelogin.tests.GeneralTabBarTest.ContactTabBar(GeneralTabBarTest.java:12)
	at com.onelogin.tests.GeneralTabBarTest.ContactTabBar(GeneralTabBarTest.java:12)
	at com.onelogin.tests.GeneralTabBarTest.ContactTabBar(GeneralTabBarTest.java:12)
	at com.onelogin.tests.GeneralTabBarTest.ContactTabBar(GeneralTabBarTest.java:12)
	at com.onelogin.tests.GeneralTabBarTest.ContactTabBar(GeneralTabBarTest.java:12)
	at com.onelogin.tests.GeneralTabBarTest.ContactTabBar(GeneralTabBarTest.java:12)
	at com.onelogin.tests.GeneralTabBarTest.ContactTabBar(GeneralTabBarTest.java:12)
	at com.onelogin.tests.GeneralTabBarTest.ContactTabBar(GeneralTabBarTest.java:12)
	at com.onelogin.tests.GeneralTabBarTest.ContactTabBar(GeneralTabBarTest.java:12)
	at com.onelogin.tests.GeneralTabBarTest.ContactTabBar(GeneralTabBarTest.java:12)
	at com.onelogin.tests.GeneralTabBarTest.ContactTabBar(GeneralTabBarTest.java:12)
	at com.onelogin.tests.GeneralTabBarTest.ContactTabBar(GeneralTabBarTest.java:12)
	at com.onelogin.tests.GeneralTabBarTest.ContactTabBar(GeneralTabBarTest.java:12)
	at com.onelogin.tests.GeneralTabBarTest.ContactTabBar(GeneralTabBarTest.java:12)
	at com.onelogin.tests.GeneralTabBarTest.ContactTabBar(GeneralTabBarTest.java:12)
	at com.onelogin.tests.GeneralTabBarTest.ContactTabBar(GeneralTabBarTest.java:12)
	at com.onelogin.tests.GeneralTabBarTest.ContactTabBar(GeneralTabBarTest.java:12)
	at com.onelogin.tests.GeneralTabBarTest.ContactTabBar(GeneralTabBarTest.java:12)
	at com.onelogin.tests.GeneralTabBarTest.ContactTabBar(GeneralTabBarTest.java:12)
	at com.onelogin.tests.GeneralTabBarTest.ContactTabBar(GeneralTabBarTest.java:12)
	at com.onelogin.tests.GeneralTabBarTest.ContactTabBar(GeneralTabBarTest.java:12)
	at com.onelogin.tests.GeneralTabBarTest.ContactTabBar(GeneralTabBarTest.java:12)
	at com.onelogin.tests.GeneralTabBarTest.ContactTabBar(GeneralTabBarTest.java:12)
	at com.onelogin.tests.GeneralTabBarTest.ContactTabBar(GeneralTabBarTest.java:12)
	at com.onelogin.tests.GeneralTabBarTest.ContactTabBar(GeneralTabBarTest.java:12)
	at com.onelogin.tests.GeneralTabBarTest.ContactTabBar(GeneralTabBarTest.java:12)
	at com.onelogin.tests.GeneralTabBarTest.ContactTabBar(GeneralTabBarTest.java:12)
	at com.onelogin.tests.GeneralTabBarTest.ContactTabBar(GeneralTabBarTest.java:12)
	at com.onelogin.tests.GeneralTabBarTest.ContactTabBar(GeneralTabBarTest.java:12)
	at com.onelogin.tests.GeneralTabBarTest.ContactTabBar(GeneralTabBarTest.java:12)
	at com.onelogin.tests.GeneralTabBarTest.ContactTabBar(GeneralTabBarTest.java:12)
	at com.onelogin.tests.GeneralTabBarTest.ContactTabBar(GeneralTabBarTest.java:12)
	at com.onelogin.tests.GeneralTabBarTest.ContactTabBar(GeneralTabBarTest.java:12)
	at com.onelogin.tests.GeneralTabBarTest.ContactTabBar(GeneralTabBarTest.java:12)
	at com.onelogin.tests.GeneralTabBarTest.ContactTabBar(GeneralTabBarTest.java:12)
	at com.onelogin.tests.GeneralTabBarTest.ContactTabBar(GeneralTabBarTest.java:12)
	at com.onelogin.tests.GeneralTabBarTest.ContactTabBar(GeneralTabBarTest.java:12)
	at com.onelogin.tests.GeneralTabBarTest.ContactTabBar(GeneralTabBarTest.java:12)
	at com.onelogin.tests.GeneralTabBarTest.ContactTabBar(GeneralTabBarTest.java:12)
	at com.onelogin.tests.GeneralTabBarTest.ContactTabBar(GeneralTabBarTest.java:12)
	at com.onelogin.tests.GeneralTabBarTest.ContactTabBar(GeneralTabBarTest.java:12)
	at com.onelogin.tests.GeneralTabBarTest.ContactTabBar(GeneralTabBarTest.java:12)
	at com.onelogin.tests.GeneralTabBarTest.ContactTabBar(GeneralTabBarTest.java:12)
	at com.onelogin.tests.GeneralTabBarTest.ContactTabBar(GeneralTabBarTest.java:12)
	at com.onelogin.tests.GeneralTabBarTest.ContactTabBar(GeneralTabBarTest.java:12)
	at com.onelogin.tests.GeneralTabBarTest.ContactTabBar(GeneralTabBarTest.java:12)
	at com.onelogin.tests.GeneralTabBarTest.ContactTabBar(GeneralTabBarTest.java:12)
	at com.onelogin.tests.GeneralTabBarTest.ContactTabBar(GeneralTabBarTest.java:12)
	at com.onelogin.tests.GeneralTabBarTest.ContactTabBar(GeneralTabBarTest.java:12)
	at com.onelogin.tests.GeneralTabBarTest.ContactTabBar(GeneralTabBarTest.java:12)
	at com.onelogin.tests.GeneralTabBarTest.ContactTabBar(GeneralTabBarTest.java:12)
	at com.onelogin.tests.GeneralTabBarTest.ContactTabBar(GeneralTabBarTest.java:12)
	at com.onelogin.tests.GeneralTabBarTest.ContactTabBar(GeneralTabBarTest.java:12)
	at com.onelogin.tests.GeneralTabBarTest.ContactTabBar(GeneralTabBarTest.java:12)
	at com.onelogin.tests.GeneralTabBarTest.ContactTabBar(GeneralTabBarTest.java:12)
	at com.onelogin.tests.GeneralTabBarTest.ContactTabBar(GeneralTabBarTest.java:12)
	at com.onelogin.tests.GeneralTabBarTest.ContactTabBar(GeneralTabBarTest.java:12)
	at com.onelogin.tests.GeneralTabBarTest.ContactTabBar(GeneralTabBarTest.java:12)
	at com.onelogin.tests.GeneralTabBarTest.ContactTabBar(GeneralTabBarTest.java:12)
	at com.onelogin.tests.GeneralTabBarTest.ContactTabBar(GeneralTabBarTest.java:12)
	at com.onelogin.tests.GeneralTabBarTest.ContactTabBar(GeneralTabBarTest.java:12)
	at com.onelogin.tests.GeneralTabBarTest.ContactTabBar(GeneralTabBarTest.java:12)
	at com.onelogin.tests.GeneralTabBarTest.ContactTabBar(GeneralTabBarTest.java:12)
	at com.onelogin.tests.GeneralTabBarTest.ContactTabBar(GeneralTabBarTest.java:12)
	at com.onelogin.tests.GeneralTabBarTest.ContactTabBar(GeneralTabBarTest.java:12)
	at com.onelogin.tests.GeneralTabBarTest.ContactTabBar(GeneralTabBarTest.java:12)
	at com.onelogin.tests.GeneralTabBarTest.ContactTabBar(GeneralTabBarTest.java:12)
	at com.onelogin.tests.GeneralTabBarTest.ContactTabBar(GeneralTabBarTest.java:12)
	at com.onelogin.tests.GeneralTabBarTest.ContactTabBar(GeneralTabBarTest.java:12)
	at com.onelogin.tests.GeneralTabBarTest.ContactTabBar(GeneralTabBarTest.java:12)
	at com.onelogin.tests.GeneralTabBarTest.ContactTabBar(GeneralTabBarTest.java:12)
	at com.onelogin.tests.GeneralTabBarTest.ContactTabBar(GeneralTabBarTest.java:12)
	at com.onelogin.tests.GeneralTabBarTest.ContactTabBar(GeneralTabBarTest.java:12)
	at com.onelogin.tests.GeneralTabBarTest.ContactTabBar(GeneralTabBarTest.java:12)
	at com.onelogin.tests.GeneralTabBarTest.ContactTabBar(GeneralTabBarTest.java:12)
	at com.onelogin.tests.GeneralTabBarTest.ContactTabBar(GeneralTabBarTest.java:12)
	at com.onelogin.tests.GeneralTabBarTest.ContactTabBar(GeneralTabBarTest.java:12)
	at com.onelogin.tests.GeneralTabBarTest.ContactTabBar(GeneralTabBarTest.java:12)
	at com.onelogin.tests.GeneralTabBarTest.ContactTabBar(GeneralTabBarTest.java:12)
	at com.onelogin.tests.GeneralTabBarTest.ContactTabBar(GeneralTabBarTest.java:12)
	at com.onelogin.tests.GeneralTabBarTest.ContactTabBar(GeneralTabBarTest.java:12)
	at com.onelogin.tests.GeneralTabBarTest.ContactTabBar(GeneralTabBarTest.java:12)
	at com.onelogin.tests.GeneralTabBarTest.ContactTabBar(GeneralTabBarTest.java:12)
	at com.onelogin.tests.GeneralTabBarTest.ContactTabBar(GeneralTabBarTest.java:12)
	at com.onelogin.tests.GeneralTabBarTest.ContactTabBar(GeneralTabBarTest.java:12)
	at com.onelogin.tests.GeneralTabBarTest.ContactTabBar(GeneralTabBarTest.java:12)
	at com.onelogin.tests.GeneralTabBarTest.ContactTabBar(GeneralTabBarTest.java:12)
	at com.onelogin.tests.GeneralTabBarTest.ContactTabBar(GeneralTabBarTest.java:12)
	at com.onelogin.tests.GeneralTabBarTest.ContactTabBar(GeneralTabBarTest.java:12)
	at com.onelogin.tests.GeneralTabBarTest.ContactTabBar(GeneralTabBarTest.java:12)
	at com.onelogin.tests.GeneralTabBarTest.ContactTabBar(GeneralTabBarTest.java:12)
	at com.onelogin.tests.GeneralTabBarTest.ContactTabBar(GeneralTabBarTest.java:12)
	at com.onelogin.tests.GeneralTabBarTest.ContactTabBar(GeneralTabBarTest.java:12)
	at com.onelogin.tests.GeneralTabBarTest.ContactTabBar(GeneralTabBarTest.java:12)
	at com.onelogin.tests.GeneralTabBarTest.ContactTabBar(GeneralTabBarTest.java:12)
	at com.onelogin.tests.GeneralTabBarTest.ContactTabBar(GeneralTabBarTest.java:12)
	at com.onelogin.tests.GeneralTabBarTest.ContactTabBar(GeneralTabBarTest.java:12)
	at com.onelogin.tests.GeneralTabBarTest.ContactTabBar(GeneralTabBarTest.java:12)
	at com.onelogin.tests.GeneralTabBarTest.ContactTabBar(GeneralTabBarTest.java:12)
	at com.onelogin.tests.GeneralTabBarTest.ContactTabBar(GeneralTabBarTest.java:12)
	at com.onelogin.tests.GeneralTabBarTest.ContactTabBar(GeneralTabBarTest.java:12)
	at com.onelogin.tests.GeneralTabBarTest.ContactTabBar(GeneralTabBarTest.java:12)
	at com.onelogin.tests.GeneralTabBarTest.ContactTabBar(GeneralTabBarTest.java:12)
	at com.onelogin.tests.GeneralTabBarTest.ContactTabBar(GeneralTabBarTest.java:12)
	at com.onelogin.tests.GeneralTabBarTest.ContactTabBar(GeneralTabBarTest.java:12)
	at com.onelogin.tests.GeneralTabBarTest.ContactTabBar(GeneralTabBarTest.java:12)
	at com.onelogin.tests.GeneralTabBarTest.ContactTabBar(GeneralTabBarTest.java:12)
	at com.onelogin.tests.GeneralTabBarTest.ContactTabBar(GeneralTabBarTest.java:12)
	at com.onelogin.tests.GeneralTabBarTest.ContactTabBar(GeneralTabBarTest.java:12)
	at com.onelogin.tests.GeneralTabBarTest.ContactTabBar(GeneralTabBarTest.java:12)
	at com.onelogin.tests.GeneralTabBarTest.ContactTabBar(GeneralTabBarTest.java:12)
	at com.onelogin.tests.GeneralTabBarTest.ContactTabBar(GeneralTabBarTest.java:12)
	at com.onelogin.tests.GeneralTabBarTest.ContactTabBar(GeneralTabBarTest.java:12)
	at com.onelogin.tests.GeneralTabBarTest.ContactTabBar(GeneralTabBarTest.java:12)
	at com.onelogin.tests.GeneralTabBarTest.ContactTabBar(GeneralTabBarTest.java:12)
	at com.onelogin.tests.GeneralTabBarTest.ContactTabBar(GeneralTabBarTest.java:12)
	at com.onelogin.tests.GeneralTabBarTest.ContactTabBar(GeneralTabBarTest.java:12)
	at com.onelogin.tests.GeneralTabBarTest.ContactTabBar(GeneralTabBarTest.java:12)
	at com.onelogin.tests.GeneralTabBarTest.ContactTabBar(GeneralTabBarTest.java:12)
	at com.onelogin.tests.GeneralTabBarTest.ContactTabBar(GeneralTabBarTest.java:12)
	at com.onelogin.tests.GeneralTabBarTest.ContactTabBar(GeneralTabBarTest.java:12)
	at com.onelogin.tests.GeneralTabBarTest.ContactTabBar(GeneralTabBarTest.java:12)
	at com.onelogin.tests.GeneralTabBarTest.ContactTabBar(GeneralTabBarTest.java:12)
	at com.onelogin.tests.GeneralTabBarTest.ContactTabBar(GeneralTabBarTest.java:12)
	at com.onelogin.tests.GeneralTabBarTest.ContactTabBar(GeneralTabBarTest.java:12)
	at com.onelogin.tests.GeneralTabBarTest.ContactTabBar(GeneralTabBarTest.java:12)
	at com.onelogin.tests.GeneralTabBarTest.ContactTabBar(GeneralTabBarTest.java:12)
	at com.onelogin.tests.GeneralTabBarTest.ContactTabBar(GeneralTabBarTest.java:12)
	at com.onelogin.tests.GeneralTabBarTest.ContactTabBar(GeneralTabBarTest.java:12)
	at com.onelogin.tests.GeneralTabBarTest.ContactTabBar(GeneralTabBarTest.java:12)
	at com.onelogin.tests.GeneralTabBarTest.ContactTabBar(GeneralTabBarTest.java:12)
	at com.onelogin.tests.GeneralTabBarTest.ContactTabBar(GeneralTabBarTest.java:12)
	at com.onelogin.tests.GeneralTabBarTest.ContactTabBar(GeneralTabBarTest.java:12)
	at com.onelogin.tests.GeneralTabBarTest.ContactTabBar(GeneralTabBarTest.java:12)
	at com.onelogin.tests.GeneralTabBarTest.ContactTabBar(GeneralTabBarTest.java:12)
	at com.onelogin.tests.GeneralTabBarTest.ContactTabBar(GeneralTabBarTest.java:12)
	at com.onelogin.tests.GeneralTabBarTest.ContactTabBar(GeneralTabBarTest.java:12)
	at com.onelogin.tests.GeneralTabBarTest.ContactTabBar(GeneralTabBarTest.java:12)
	at com.onelogin.tests.GeneralTabBarTest.ContactTabBar(GeneralTabBarTest.java:12)
	at com.onelogin.tests.GeneralTabBarTest.ContactTabBar(GeneralTabBarTest.java:12)
	at com.onelogin.tests.GeneralTabBarTest.ContactTabBar(GeneralTabBarTest.java:12)
	at com.onelogin.tests.GeneralTabBarTest.ContactTabBar(GeneralTabBarTest.java:12)
	at com.onelogin.tests.GeneralTabBarTest.ContactTabBar(GeneralTabBarTest.java:12)
	at com.onelogin.tests.GeneralTabBarTest.ContactTabBar(GeneralTabBarTest.java:12)
	at com.onelogin.tests.GeneralTabBarTest.ContactTabBar(GeneralTabBarTest.java:12)
	at com.onelogin.tests.GeneralTabBarTest.ContactTabBar(GeneralTabBarTest.java:12)
	at com.onelogin.tests.GeneralTabBarTest.ContactTabBar(GeneralTabBarTest.java:12)
	at com.onelogin.tests.GeneralTabBarTest.ContactTabBar(GeneralTabBarTest.java:12)
	at com.onelogin.tests.GeneralTabBarTest.ContactTabBar(GeneralTabBarTest.java:12)
	at com.onelogin.tests.GeneralTabBarTest.ContactTabBar(GeneralTabBarTest.java:12)
	at com.onelogin.tests.GeneralTabBarTest.ContactTabBar(GeneralTabBarTest.java:12)
	at com.onelogin.tests.GeneralTabBarTest.ContactTabBar(GeneralTabBarTest.java:12)
	at com.onelogin.tests.GeneralTabBarTest.ContactTabBar(GeneralTabBarTest.java:12)
	at com.onelogin.tests.GeneralTabBarTest.ContactTabBar(GeneralTabBarTest.java:12)
	at com.onelogin.tests.GeneralTabBarTest.ContactTabBar(GeneralTabBarTest.java:12)
	at com.onelogin.tests.GeneralTabBarTest.ContactTabBar(GeneralTabBarTest.java:12)
	at com.onelogin.tests.GeneralTabBarTest.ContactTabBar(GeneralTabBarTest.java:12)
	at com.onelogin.tests.GeneralTabBarTest.ContactTabBar(GeneralTabBarTest.java:12)
	at com.onelogin.tests.GeneralTabBarTest.ContactTabBar(GeneralTabBarTest.java:12)
	at com.onelogin.tests.GeneralTabBarTest.ContactTabBar(GeneralTabBarTest.java:12)
	at com.onelogin.tests.GeneralTabBarTest.ContactTabBar(GeneralTabBarTest.java:12)
	at com.onelogin.tests.GeneralTabBarTest.ContactTabBar(GeneralTabBarTest.java:12)
	at com.onelogin.tests.GeneralTabBarTest.ContactTabBar(GeneralTabBarTest.java:12)
	at com.onelogin.tests.GeneralTabBarTest.ContactTabBar(GeneralTabBarTest.java:12)
	at com.onelogin.tests.GeneralTabBarTest.ContactTabBar(GeneralTabBarTest.java:12)
	at com.onelogin.tests.GeneralTabBarTest.ContactTabBar(GeneralTabBarTest.java:12)
	at com.onelogin.tests.GeneralTabBarTest.ContactTabBar(GeneralTabBarTest.java:12)
	at com.onelogin.tests.GeneralTabBarTest.ContactTabBar(GeneralTabBarTest.java:12)
	at com.onelogin.tests.GeneralTabBarTest.ContactTabBar(GeneralTabBarTest.java:12)
	at com.onelogin.tests.GeneralTabBarTest.ContactTabBar(GeneralTabBarTest.java:12)
	at com.onelogin.tests.GeneralTabBarTest.ContactTabBar(GeneralTabBarTest.java:12)
	at com.onelogin.tests.GeneralTabBarTest.ContactTabBar(GeneralTabBarTest.java:12)
	at com.onelogin.tests.GeneralTabBarTest.ContactTabBar(GeneralTabBarTest.java:12)
	at com.onelogin.tests.GeneralTabBarTest.ContactTabBar(GeneralTabBarTest.java:12)
	at com.onelogin.tests.GeneralTabBarTest.ContactTabBar(GeneralTabBarTest.java:12)
	at com.onelogin.tests.GeneralTabBarTest.ContactTabBar(GeneralTabBarTest.java:12)
	at com.onelogin.tests.GeneralTabBarTest.ContactTabBar(GeneralTabBarTest.java:12)
	at com.onelogin.tests.GeneralTabBarTest.ContactTabBar(GeneralTabBarTest.java:12)
	at com.onelogin.tests.GeneralTabBarTest.ContactTabBar(GeneralTabBarTest.java:12)
	at com.onelogin.tests.GeneralTabBarTest.ContactTabBar(GeneralTabBarTest.java:12)
	at com.onelogin.tests.GeneralTabBarTest.ContactTabBar(GeneralTabBarTest.java:12)
	at com.onelogin.tests.GeneralTabBarTest.ContactTabBar(GeneralTabBarTest.java:12)
	at com.onelogin.tests.GeneralTabBarTest.ContactTabBar(GeneralTabBarTest.java:12)
	at com.onelogin.tests.GeneralTabBarTest.ContactTabBar(GeneralTabBarTest.java:12)
	at com.onelogin.tests.GeneralTabBarTest.ContactTabBar(GeneralTabBarTest.java:12)
	at com.onelogin.tests.GeneralTabBarTest.ContactTabBar(GeneralTabBarTest.java:12)
	at com.onelogin.tests.GeneralTabBarTest.ContactTabBar(GeneralTabBarTest.java:12)
	at com.onelogin.tests.GeneralTabBarTest.ContactTabBar(GeneralTabBarTest.java:12)
	at com.onelogin.tests.GeneralTabBarTest.ContactTabBar(GeneralTabBarTest.java:12)
	at com.onelogin.tests.GeneralTabBarTest.ContactTabBar(GeneralTabBarTest.java:12)
	at com.onelogin.tests.GeneralTabBarTest.ContactTabBar(GeneralTabBarTest.java:12)
	at com.onelogin.tests.GeneralTabBarTest.ContactTabBar(GeneralTabBarTest.java:12)
	at com.onelogin.tests.GeneralTabBarTest.ContactTabBar(GeneralTabBarTest.java:12)
	at com.onelogin.tests.GeneralTabBarTest.ContactTabBar(GeneralTabBarTest.java:12)
	at com.onelogin.tests.GeneralTabBarTest.ContactTabBar(GeneralTabBarTest.java:12)
	at com.onelogin.tests.GeneralTabBarTest.ContactTabBar(GeneralTabBarTest.java:12)
	at com.onelogin.tests.GeneralTabBarTest.ContactTabBar(GeneralTabBarTest.java:12)
	at com.onelogin.tests.GeneralTabBarTest.ContactTabBar(GeneralTabBarTest.java:12)
	at com.onelogin.tests.GeneralTabBarTest.ContactTabBar(GeneralTabBarTest.java:12)
	at com.onelogin.tests.GeneralTabBarTest.ContactTabBar(GeneralTabBarTest.java:12)
	at com.onelogin.tests.GeneralTabBarTest.ContactTabBar(GeneralTabBarTest.java:12)
	at com.onelogin.tests.GeneralTabBarTest.ContactTabBar(GeneralTabBarTest.java:12)
	at com.onelogin.tests.GeneralTabBarTest.ContactTabBar(GeneralTabBarTest.java:12)
	at com.onelogin.tests.GeneralTabBarTest.ContactTabBar(GeneralTabBarTest.java:12)
	at com.onelogin.tests.GeneralTabBarTest.ContactTabBar(GeneralTabBarTest.java:12)
	at com.onelogin.tests.GeneralTabBarTest.ContactTabBar(GeneralTabBarTest.java:12)
	at com.onelogin.tests.GeneralTabBarTest.ContactTabBar(GeneralTabBarTest.java:12)
	at com.onelogin.tests.GeneralTabBarTest.ContactTabBar(GeneralTabBarTest.java:12)
	at com.onelogin.tests.GeneralTabBarTest.ContactTabBar(GeneralTabBarTest.java:12)
	at com.onelogin.tests.GeneralTabBarTest.ContactTabBar(GeneralTabBarTest.java:12)
	at com.onelogin.tests.GeneralTabBarTest.ContactTabBar(GeneralTabBarTest.java:12)
	at com.onelogin.tests.GeneralTabBarTest.ContactTabBar(GeneralTabBarTest.java:12)
	at com.onelogin.tests.GeneralTabBarTest.ContactTabBar(GeneralTabBarTest.java:12)
	at com.onelogin.tests.GeneralTabBarTest.ContactTabBar(GeneralTabBarTest.java:12)
	at com.onelogin.tests.GeneralTabBarTest.ContactTabBar(GeneralTabBarTest.java:12)
	at com.onelogin.tests.GeneralTabBarTest.ContactTabBar(GeneralTabBarTest.java:12)
	at com.onelogin.tests.GeneralTabBarTest.ContactTabBar(GeneralTabBarTest.java:12)
	at com.onelogin.tests.GeneralTabBarTest.ContactTabBar(GeneralTabBarTest.java:12)
	at com.onelogin.tests.GeneralTabBarTest.ContactTabBar(GeneralTabBarTest.java:12)
	at com.onelogin.tests.GeneralTabBarTest.ContactTabBar(GeneralTabBarTest.java:12)
	at com.onelogin.tests.GeneralTabBarTest.ContactTabBar(GeneralTabBarTest.java:12)
	at com.onelogin.tests.GeneralTabBarTest.ContactTabBar(GeneralTabBarTest.java:12)
	at com.onelogin.tests.GeneralTabBarTest.ContactTabBar(GeneralTabBarTest.java:12)
	at com.onelogin.tests.GeneralTabBarTest.ContactTabBar(GeneralTabBarTest.java:12)
	at com.onelogin.tests.GeneralTabBarTest.ContactTabBar(GeneralTabBarTest.java:12)
	at com.onelogin.tests.GeneralTabBarTest.ContactTabBar(GeneralTabBarTest.java:12)
	at com.onelogin.tests.GeneralTabBarTest.ContactTabBar(GeneralTabBarTest.java:12)
	at com.onelogin.tests.GeneralTabBarTest.ContactTabBar(GeneralTabBarTest.java:12)
	at com.onelogin.tests.GeneralTabBarTest.ContactTabBar(GeneralTabBarTest.java:12)
	at com.onelogin.tests.GeneralTabBarTest.ContactTabBar(GeneralTabBarTest.java:12)
	at com.onelogin.tests.GeneralTabBarTest.ContactTabBar(GeneralTabBarTest.java:12)
	at com.onelogin.tests.GeneralTabBarTest.ContactTabBar(GeneralTabBarTest.java:12)
	at com.onelogin.tests.GeneralTabBarTest.ContactTabBar(GeneralTabBarTest.java:12)
	at com.onelogin.tests.GeneralTabBarTest.ContactTabBar(GeneralTabBarTest.java:12)
	at com.onelogin.tests.GeneralTabBarTest.ContactTabBar(GeneralTabBarTest.java:12)
	at com.onelogin.tests.GeneralTabBarTest.ContactTabBar(GeneralTabBarTest.java:12)
	at com.onelogin.tests.GeneralTabBarTest.ContactTabBar(GeneralTabBarTest.java:12)
	at com.onelogin.tests.GeneralTabBarTest.ContactTabBar(GeneralTabBarTest.java:12)
	at com.onelogin.tests.GeneralTabBarTest.ContactTabBar(GeneralTabBarTest.java:12)
	at com.onelogin.tests.GeneralTabBarTest.ContactTabBar(GeneralTabBarTest.java:12)
	at com.onelogin.tests.GeneralTabBarTest.ContactTabBar(GeneralTabBarTest.java:12)
	at com.onelogin.tests.GeneralTabBarTest.ContactTabBar(GeneralTabBarTest.java:12)
	at com.onelogin.tests.GeneralTabBarTest.ContactTabBar(GeneralTabBarTest.java:12)
	at com.onelogin.tests.GeneralTabBarTest.ContactTabBar(GeneralTabBarTest.java:12)
	at com.onelogin.tests.GeneralTabBarTest.ContactTabBar(GeneralTabBarTest.java:12)
	at com.onelogin.tests.GeneralTabBarTest.ContactTabBar(GeneralTabBarTest.java:12)
	at com.onelogin.tests.GeneralTabBarTest.ContactTabBar(GeneralTabBarTest.java:12)
	at com.onelogin.tests.GeneralTabBarTest.ContactTabBar(GeneralTabBarTest.java:12)
	at com.onelogin.tests.GeneralTabBarTest.ContactTabBar(GeneralTabBarTest.java:12)
	at com.onelogin.tests.GeneralTabBarTest.ContactTabBar(GeneralTabBarTest.java:12)
	at com.onelogin.tests.GeneralTabBarTest.ContactTabBar(GeneralTabBarTest.java:12)
	at com.onelogin.tests.GeneralTabBarTest.ContactTabBar(GeneralTabBarTest.java:12)
	at com.onelogin.tests.GeneralTabBarTest.ContactTabBar(GeneralTabBarTest.java:12)
	at com.onelogin.tests.GeneralTabBarTest.ContactTabBar(GeneralTabBarTest.java:12)
	at com.onelogin.tests.GeneralTabBarTest.ContactTabBar(GeneralTabBarTest.java:12)
	at com.onelogin.tests.GeneralTabBarTest.ContactTabBar(GeneralTabBarTest.java:12)
	at com.onelogin.tests.GeneralTabBarTest.ContactTabBar(GeneralTabBarTest.java:12)
	at com.onelogin.tests.GeneralTabBarTest.ContactTabBar(GeneralTabBarTest.java:12)
	at com.onelogin.tests.GeneralTabBarTest.ContactTabBar(GeneralTabBarTest.java:12)
	at com.onelogin.tests.GeneralTabBarTest.ContactTabBar(GeneralTabBarTest.java:12)
	at com.onelogin.tests.GeneralTabBarTest.ContactTabBar(GeneralTabBarTest.java:12)
	at com.onelogin.tests.GeneralTabBarTest.ContactTabBar(GeneralTabBarTest.java:12)
	at com.onelogin.tests.GeneralTabBarTest.ContactTabBar(GeneralTabBarTest.java:12)
	at com.onelogin.tests.GeneralTabBarTest.ContactTabBar(GeneralTabBarTest.java:12)
	at com.onelogin.tests.GeneralTabBarTest.ContactTabBar(GeneralTabBarTest.java:12)
	at com.onelogin.tests.GeneralTabBarTest.ContactTabBar(GeneralTabBarTest.java:12)
	at com.onelogin.tests.GeneralTabBarTest.ContactTabBar(GeneralTabBarTest.java:12)
	at com.onelogin.tests.GeneralTabBarTest.ContactTabBar(GeneralTabBarTest.java:12)
	at com.onelogin.tests.GeneralTabBarTest.ContactTabBar(GeneralTabBarTest.java:12)
	at com.onelogin.tests.GeneralTabBarTest.ContactTabBar(GeneralTabBarTest.java:12)
	at com.onelogin.tests.GeneralTabBarTest.ContactTabBar(GeneralTabBarTest.java:12)
	at com.onelogin.tests.GeneralTabBarTest.ContactTabBar(GeneralTabBarTest.java:12)
	at com.onelogin.tests.GeneralTabBarTest.ContactTabBar(GeneralTabBarTest.java:12)
	at com.onelogin.tests.GeneralTabBarTest.ContactTabBar(GeneralTabBarTest.java:12)
	at com.onelogin.tests.GeneralTabBarTest.ContactTabBar(GeneralTabBarTest.java:12)
	at com.onelogin.tests.GeneralTabBarTest.ContactTabBar(GeneralTabBarTest.java:12)
	at com.onelogin.tests.GeneralTabBarTest.ContactTabBar(GeneralTabBarTest.java:12)
	at com.onelogin.tests.GeneralTabBarTest.ContactTabBar(GeneralTabBarTest.java:12)
	at com.onelogin.tests.GeneralTabBarTest.ContactTabBar(GeneralTabBarTest.java:12)
	at com.onelogin.tests.GeneralTabBarTest.ContactTabBar(GeneralTabBarTest.java:12)
	at com.onelogin.tests.GeneralTabBarTest.ContactTabBar(GeneralTabBarTest.java:12)
	at com.onelogin.tests.GeneralTabBarTest.ContactTabBar(GeneralTabBarTest.java:12)
	at com.onelogin.tests.GeneralTabBarTest.ContactTabBar(GeneralTabBarTest.java:12)
	at com.onelogin.tests.GeneralTabBarTest.ContactTabBar(GeneralTabBarTest.java:12)
	at com.onelogin.tests.GeneralTabBarTest.ContactTabBar(GeneralTabBarTest.java:12)
	at com.onelogin.tests.GeneralTabBarTest.ContactTabBar(GeneralTabBarTest.java:12)
	at com.onelogin.tests.GeneralTabBarTest.ContactTabBar(GeneralTabBarTest.java:12)
	at com.onelogin.tests.GeneralTabBarTest.ContactTabBar(GeneralTabBarTest.java:12)
	at com.onelogin.tests.GeneralTabBarTest.ContactTabBar(GeneralTabBarTest.java:12)
	at com.onelogin.tests.GeneralTabBarTest.ContactTabBar(GeneralTabBarTest.java:12)
	at com.onelogin.tests.GeneralTabBarTest.ContactTabBar(GeneralTabBarTest.java:12)
	at com.onelogin.tests.GeneralTabBarTest.ContactTabBar(GeneralTabBarTest.java:12)
	at com.onelogin.tests.GeneralTabBarTest.ContactTabBar(GeneralTabBarTest.java:12)
	at com.onelogin.tests.GeneralTabBarTest.ContactTabBar(GeneralTabBarTest.java:12)
	at com.onelogin.tests.GeneralTabBarTest.ContactTabBar(GeneralTabBarTest.java:12)
	at com.onelogin.tests.GeneralTabBarTest.ContactTabBar(GeneralTabBarTest.java:12)
	at com.onelogin.tests.GeneralTabBarTest.ContactTabBar(GeneralTabBarTest.java:12)
	at com.onelogin.tests.GeneralTabBarTest.ContactTabBar(GeneralTabBarTest.java:12)
	at com.onelogin.tests.GeneralTabBarTest.ContactTabBar(GeneralTabBarTest.java:12)
	at com.onelogin.tests.GeneralTabBarTest.ContactTabBar(GeneralTabBarTest.java:12)
	at com.onelogin.tests.GeneralTabBarTest.ContactTabBar(GeneralTabBarTest.java:12)
	at com.onelogin.tests.GeneralTabBarTest.ContactTabBar(GeneralTabBarTest.java:12)
	at com.onelogin.tests.GeneralTabBarTest.ContactTabBar(GeneralTabBarTest.java:12)
	at com.onelogin.tests.GeneralTabBarTest.ContactTabBar(GeneralTabBarTest.java:12)
	at com.onelogin.tests.GeneralTabBarTest.ContactTabBar(GeneralTabBarTest.java:12)
	at com.onelogin.tests.GeneralTabBarTest.ContactTabBar(GeneralTabBarTest.java:12)
	at com.onelogin.tests.GeneralTabBarTest.ContactTabBar(GeneralTabBarTest.java:12)
	at com.onelogin.tests.GeneralTabBarTest.ContactTabBar(GeneralTabBarTest.java:12)
	at com.onelogin.tests.GeneralTabBarTest.ContactTabBar(GeneralTabBarTest.java:12)
	at com.onelogin.tests.GeneralTabBarTest.ContactTabBar(GeneralTabBarTest.java:12)
	at com.onelogin.tests.GeneralTabBarTest.ContactTabBar(GeneralTabBarTest.java:12)
	at com.onelogin.tests.GeneralTabBarTest.ContactTabBar(GeneralTabBarTest.java:12)
	at com.onelogin.tests.GeneralTabBarTest.ContactTabBar(GeneralTabBarTest.java:12)
	at com.onelogin.tests.GeneralTabBarTest.ContactTabBar(GeneralTabBarTest.java:12)
	at com.onelogin.tests.GeneralTabBarTest.ContactTabBar(GeneralTabBarTest.java:12)
	at com.onelogin.tests.GeneralTabBarTest.ContactTabBar(GeneralTabBarTest.java:12)
	at com.onelogin.tests.GeneralTabBarTest.ContactTabBar(GeneralTabBarTest.java:12)
	at com.onelogin.tests.GeneralTabBarTest.ContactTabBar(GeneralTabBarTest.java:12)
	at com.onelogin.tests.GeneralTabBarTest.ContactTabBar(GeneralTabBarTest.java:12)
	at com.onelogin.tests.GeneralTabBarTest.ContactTabBar(GeneralTabBarTest.java:12)
	at com.onelogin.tests.GeneralTabBarTest.ContactTabBar(GeneralTabBarTest.java:12)
	at com.onelogin.tests.GeneralTabBarTest.ContactTabBar(GeneralTabBarTest.java:12)
	at com.onelogin.tests.GeneralTabBarTest.ContactTabBar(GeneralTabBarTest.java:12)
	at com.onelogin.tests.GeneralTabBarTest.ContactTabBar(GeneralTabBarTest.java:12)
	at com.onelogin.tests.GeneralTabBarTest.ContactTabBar(GeneralTabBarTest.java:12)
	at com.onelogin.tests.GeneralTabBarTest.ContactTabBar(GeneralTabBarTest.java:12)
	at com.onelogin.tests.GeneralTabBarTest.ContactTabBar(GeneralTabBarTest.java:12)
	at com.onelogin.tests.GeneralTabBarTest.ContactTabBar(GeneralTabBarTest.java:12)
	at com.onelogin.tests.GeneralTabBarTest.ContactTabBar(GeneralTabBarTest.java:12)
	at com.onelogin.tests.GeneralTabBarTest.ContactTabBar(GeneralTabBarTest.java:12)
	at com.onelogin.tests.GeneralTabBarTest.ContactTabBar(GeneralTabBarTest.java:12)
	at com.onelogin.tests.GeneralTabBarTest.ContactTabBar(GeneralTabBarTest.java:12)
	at com.onelogin.tests.GeneralTabBarTest.ContactTabBar(GeneralTabBarTest.java:12)
	at com.onelogin.tests.GeneralTabBarTest.ContactTabBar(GeneralTabBarTest.java:12)
	at com.onelogin.tests.GeneralTabBarTest.ContactTabBar(GeneralTabBarTest.java:12)
	at com.onelogin.tests.GeneralTabBarTest.ContactTabBar(GeneralTabBarTest.java:12)
	at com.onelogin.tests.GeneralTabBarTest.ContactTabBar(GeneralTabBarTest.java:12)
	at com.onelogin.tests.GeneralTabBarTest.ContactTabBar(GeneralTabBarTest.java:12)
	at com.onelogin.tests.GeneralTabBarTest.ContactTabBar(GeneralTabBarTest.java:12)
	at com.onelogin.tests.GeneralTabBarTest.ContactTabBar(GeneralTabBarTest.java:12)
	at com.onelogin.tests.GeneralTabBarTest.ContactTabBar(GeneralTabBarTest.java:12)
	at com.onelogin.tests.GeneralTabBarTest.ContactTabBar(GeneralTabBarTest.java:12)
	at com.onelogin.tests.GeneralTabBarTest.ContactTabBar(GeneralTabBarTest.java:12)
	at com.onelogin.tests.GeneralTabBarTest.ContactTabBar(GeneralTabBarTest.java:12)
	at com.onelogin.tests.GeneralTabBarTest.ContactTabBar(GeneralTabBarTest.java:12)
	at com.onelogin.tests.GeneralTabBarTest.ContactTabBar(GeneralTabBarTest.java:12)
	at com.onelogin.tests.GeneralTabBarTest.ContactTabBar(GeneralTabBarTest.java:12)
	at com.onelogin.tests.GeneralTabBarTest.ContactTabBar(GeneralTabBarTest.java:12)
	at com.onelogin.tests.GeneralTabBarTest.ContactTabBar(GeneralTabBarTest.java:12)
	at com.onelogin.tests.GeneralTabBarTest.ContactTabBar(GeneralTabBarTest.java:12)
	at com.onelogin.tests.GeneralTabBarTest.ContactTabBar(GeneralTabBarTest.java:12)
	at com.onelogin.tests.GeneralTabBarTest.ContactTabBar(GeneralTabBarTest.java:12)
	at com.onelogin.tests.GeneralTabBarTest.ContactTabBar(GeneralTabBarTest.java:12)
	at com.onelogin.tests.GeneralTabBarTest.ContactTabBar(GeneralTabBarTest.java:12)
	at com.onelogin.tests.GeneralTabBarTest.ContactTabBar(GeneralTabBarTest.java:12)
	at com.onelogin.tests.GeneralTabBarTest.ContactTabBar(GeneralTabBarTest.java:12)
	at com.onelogin.tests.GeneralTabBarTest.ContactTabBar(GeneralTabBarTest.java:12)
	at com.onelogin.tests.GeneralTabBarTest.ContactTabBar(GeneralTabBarTest.java:12)
	at com.onelogin.tests.GeneralTabBarTest.ContactTabBar(GeneralTabBarTest.java:12)
	at com.onelogin.tests.GeneralTabBarTest.ContactTabBar(GeneralTabBarTest.java:12)
	at com.onelogin.tests.GeneralTabBarTest.ContactTabBar(GeneralTabBarTest.java:12)
	at com.onelogin.tests.GeneralTabBarTest.ContactTabBar(GeneralTabBarTest.java:12)
	at com.onelogin.tests.GeneralTabBarTest.ContactTabBar(GeneralTabBarTest.java:12)
	at com.onelogin.tests.GeneralTabBarTest.ContactTabBar(GeneralTabBarTest.java:12)
	at com.onelogin.tests.GeneralTabBarTest.ContactTabBar(GeneralTabBarTest.java:12)
	at com.onelogin.tests.GeneralTabBarTest.ContactTabBar(GeneralTabBarTest.java:12)
	at com.onelogin.tests.GeneralTabBarTest.ContactTabBar(GeneralTabBarTest.java:12)
	at com.onelogin.tests.GeneralTabBarTest.ContactTabBar(GeneralTabBarTest.java:12)
	at com.onelogin.tests.GeneralTabBarTest.ContactTabBar(GeneralTabBarTest.java:12)
	at com.onelogin.tests.GeneralTabBarTest.ContactTabBar(GeneralTabBarTest.java:12)
	at com.onelogin.tests.GeneralTabBarTest.ContactTabBar(GeneralTabBarTest.java:12)
	at com.onelogin.tests.GeneralTabBarTest.ContactTabBar(GeneralTabBarTest.java:12)
	at com.onelogin.tests.GeneralTabBarTest.ContactTabBar(GeneralTabBarTest.java:12)
	at com.onelogin.tests.GeneralTabBarTest.ContactTabBar(GeneralTabBarTest.java:12)
	at com.onelogin.tests.GeneralTabBarTest.ContactTabBar(GeneralTabBarTest.java:12)
	at com.onelogin.tests.GeneralTabBarTest.ContactTabBar(GeneralTabBarTest.java:12)
	at com.onelogin.tests.GeneralTabBarTest.ContactTabBar(GeneralTabBarTest.java:12)
	at com.onelogin.tests.GeneralTabBarTest.ContactTabBar(GeneralTabBarTest.java:12)
	at com.onelogin.tests.GeneralTabBarTest.ContactTabBar(GeneralTabBarTest.java:12)
	at com.onelogin.tests.GeneralTabBarTest.ContactTabBar(GeneralTabBarTest.java:12)
	at com.onelogin.tests.GeneralTabBarTest.ContactTabBar(GeneralTabBarTest.java:12)
	at com.onelogin.tests.GeneralTabBarTest.ContactTabBar(GeneralTabBarTest.java:12)
	at com.onelogin.tests.GeneralTabBarTest.ContactTabBar(GeneralTabBarTest.java:12)
	at com.onelogin.tests.GeneralTabBarTest.ContactTabBar(GeneralTabBarTest.java:12)
	at com.onelogin.tests.GeneralTabBarTest.ContactTabBar(GeneralTabBarTest.java:12)
	at com.onelogin.tests.GeneralTabBarTest.ContactTabBar(GeneralTabBarTest.java:12)
	at com.onelogin.tests.GeneralTabBarTest.ContactTabBar(GeneralTabBarTest.java:12)
	at com.onelogin.tests.GeneralTabBarTest.ContactTabBar(GeneralTabBarTest.java:12)
	at com.onelogin.tests.GeneralTabBarTest.ContactTabBar(GeneralTabBarTest.java:12)
	at com.onelogin.tests.GeneralTabBarTest.ContactTabBar(GeneralTabBarTest.java:12)
	at com.onelogin.tests.GeneralTabBarTest.ContactTabBar(GeneralTabBarTest.java:12)
	at com.onelogin.tests.GeneralTabBarTest.ContactTabBar(GeneralTabBarTest.java:12)
	at com.onelogin.tests.GeneralTabBarTest.ContactTabBar(GeneralTabBarTest.java:12)
	at com.onelogin.tests.GeneralTabBarTest.ContactTabBar(GeneralTabBarTest.java:12)
	at com.onelogin.tests.GeneralTabBarTest.ContactTabBar(GeneralTabBarTest.java:12)
	at com.onelogin.tests.GeneralTabBarTest.ContactTabBar(GeneralTabBarTest.java:12)
	at com.onelogin.tests.GeneralTabBarTest.ContactTabBar(GeneralTabBarTest.java:12)
	at com.onelogin.tests.GeneralTabBarTest.ContactTabBar(GeneralTabBarTest.java:12)
	at com.onelogin.tests.GeneralTabBarTest.ContactTabBar(GeneralTabBarTest.java:12)
	at com.onelogin.tests.GeneralTabBarTest.ContactTabBar(GeneralTabBarTest.java:12)
	at com.onelogin.tests.GeneralTabBarTest.ContactTabBar(GeneralTabBarTest.java:12)
	at com.onelogin.tests.GeneralTabBarTest.ContactTabBar(GeneralTabBarTest.java:12)
	at com.onelogin.tests.GeneralTabBarTest.ContactTabBar(GeneralTabBarTest.java:12)
	at com.onelogin.tests.GeneralTabBarTest.ContactTabBar(GeneralTabBarTest.java:12)
	at com.onelogin.tests.GeneralTabBarTest.ContactTabBar(GeneralTabBarTest.java:12)
	at com.onelogin.tests.GeneralTabBarTest.ContactTabBar(GeneralTabBarTest.java:12)
	at com.onelogin.tests.GeneralTabBarTest.ContactTabBar(GeneralTabBarTest.java:12)
	at com.onelogin.tests.GeneralTabBarTest.ContactTabBar(GeneralTabBarTest.java:12)
	at com.onelogin.tests.GeneralTabBarTest.ContactTabBar(GeneralTabBarTest.java:12)
	at com.onelogin.tests.GeneralTabBarTest.ContactTabBar(GeneralTabBarTest.java:12)
	at com.onelogin.tests.GeneralTabBarTest.ContactTabBar(GeneralTabBarTest.java:12)
	at com.onelogin.tests.GeneralTabBarTest.ContactTabBar(GeneralTabBarTest.java:12)
	at com.onelogin.tests.GeneralTabBarTest.ContactTabBar(GeneralTabBarTest.java:12)
	at com.onelogin.tests.GeneralTabBarTest.ContactTabBar(GeneralTabBarTest.java:12)
	at com.onelogin.tests.GeneralTabBarTest.ContactTabBar(GeneralTabBarTest.java:12)
	at com.onelogin.tests.GeneralTabBarTest.ContactTabBar(GeneralTabBarTest.java:12)
	at com.onelogin.tests.GeneralTabBarTest.ContactTabBar(GeneralTabBarTest.java:12)
	at com.onelogin.tests.GeneralTabBarTest.ContactTabBar(GeneralTabBarTest.java:12)
	at com.onelogin.tests.GeneralTabBarTest.ContactTabBar(GeneralTabBarTest.java:12)
	at com.onelogin.tests.GeneralTabBarTest.ContactTabBar(GeneralTabBarTest.java:12)
	at com.onelogin.tests.GeneralTabBarTest.ContactTabBar(GeneralTabBarTest.java:12)
	at com.onelogin.tests.GeneralTabBarTest.ContactTabBar(GeneralTabBarTest.java:12)
	at com.onelogin.tests.GeneralTabBarTest.ContactTabBar(GeneralTabBarTest.java:12)
	at com.onelogin.tests.GeneralTabBarTest.ContactTabBar(GeneralTabBarTest.java:12)
	at com.onelogin.tests.GeneralTabBarTest.ContactTabBar(GeneralTabBarTest.java:12)
	at com.onelogin.tests.GeneralTabBarTest.ContactTabBar(GeneralTabBarTest.java:12)
	at com.onelogin.tests.GeneralTabBarTest.ContactTabBar(GeneralTabBarTest.java:12)
	at com.onelogin.tests.GeneralTabBarTest.ContactTabBar(GeneralTabBarTest.java:12)
	at com.onelogin.tests.GeneralTabBarTest.ContactTabBar(GeneralTabBarTest.java:12)
	at com.onelogin.tests.GeneralTabBarTest.ContactTabBar(GeneralTabBarTest.java:12)
	at com.onelogin.tests.GeneralTabBarTest.ContactTabBar(GeneralTabBarTest.java:12)
	at com.onelogin.tests.GeneralTabBarTest.ContactTabBar(GeneralTabBarTest.java:12)
	at com.onelogin.tests.GeneralTabBarTest.ContactTabBar(GeneralTabBarTest.java:12)
	at com.onelogin.tests.GeneralTabBarTest.ContactTabBar(GeneralTabBarTest.java:12)
	at com.onelogin.tests.GeneralTabBarTest.ContactTabBar(GeneralTabBarTest.java:12)
	at com.onelogin.tests.GeneralTabBarTest.ContactTabBar(GeneralTabBarTest.java:12)
	at com.onelogin.tests.GeneralTabBarTest.ContactTabBar(GeneralTabBarTest.java:12)
	at com.onelogin.tests.GeneralTabBarTest.ContactTabBar(GeneralTabBarTest.java:12)
	at com.onelogin.tests.GeneralTabBarTest.ContactTabBar(GeneralTabBarTest.java:12)
	at com.onelogin.tests.GeneralTabBarTest.ContactTabBar(GeneralTabBarTest.java:12)
	at com.onelogin.tests.GeneralTabBarTest.ContactTabBar(GeneralTabBarTest.java:12)
	at com.onelogin.tests.GeneralTabBarTest.ContactTabBar(GeneralTabBarTest.java:12)
	at com.onelogin.tests.GeneralTabBarTest.ContactTabBar(GeneralTabBarTest.java:12)
	at com.onelogin.tests.GeneralTabBarTest.ContactTabBar(GeneralTabBarTest.java:12)
	at com.onelogin.tests.GeneralTabBarTest.ContactTabBar(GeneralTabBarTest.java:12)
	at com.onelogin.tests.GeneralTabBarTest.ContactTabBar(GeneralTabBarTest.java:12)
	at com.onelogin.tests.GeneralTabBarTest.ContactTabBar(GeneralTabBarTest.java:12)
	at com.onelogin.tests.GeneralTabBarTest.ContactTabBar(GeneralTabBarTest.java:12)
	at com.onelogin.tests.GeneralTabBarTest.ContactTabBar(GeneralTabBarTest.java:12)
	at com.onelogin.tests.GeneralTabBarTest.ContactTabBar(GeneralTabBarTest.java:12)
	at com.onelogin.tests.GeneralTabBarTest.ContactTabBar(GeneralTabBarTest.java:12)
	at com.onelogin.tests.GeneralTabBarTest.ContactTabBar(GeneralTabBarTest.java:12)
	at com.onelogin.tests.GeneralTabBarTest.ContactTabBar(GeneralTabBarTest.java:12)
	at com.onelogin.tests.GeneralTabBarTest.ContactTabBar(GeneralTabBarTest.java:12)
	at com.onelogin.tests.GeneralTabBarTest.ContactTabBar(GeneralTabBarTest.java:12)
	at com.onelogin.tests.GeneralTabBarTest.ContactTabBar(GeneralTabBarTest.java:12)
	at com.onelogin.tests.GeneralTabBarTest.ContactTabBar(GeneralTabBarTest.java:12)
	at com.onelogin.tests.GeneralTabBarTest.ContactTabBar(GeneralTabBarTest.java:12)
	at com.onelogin.tests.GeneralTabBarTest.ContactTabBar(GeneralTabBarTest.java:12)
	at com.onelogin.tests.GeneralTabBarTest.ContactTabBar(GeneralTabBarTest.java:12)
	at com.onelogin.tests.GeneralTabBarTest.ContactTabBar(GeneralTabBarTest.java:12)
	at com.onelogin.tests.GeneralTabBarTest.ContactTabBar(GeneralTabBarTest.java:12)
	at com.onelogin.tests.GeneralTabBarTest.ContactTabBar(GeneralTabBarTest.java:12)
	at com.onelogin.tests.GeneralTabBarTest.ContactTabBar(GeneralTabBarTest.java:12)
	at com.onelogin.tests.GeneralTabBarTest.ContactTabBar(GeneralTabBarTest.java:12)
	at com.onelogin.tests.GeneralTabBarTest.ContactTabBar(GeneralTabBarTest.java:12)
	at com.onelogin.tests.GeneralTabBarTest.ContactTabBar(GeneralTabBarTest.java:12)
	at com.onelogin.tests.GeneralTabBarTest.ContactTabBar(GeneralTabBarTest.java:12)
	at com.onelogin.tests.GeneralTabBarTest.ContactTabBar(GeneralTabBarTest.java:12)
	at com.onelogin.tests.GeneralTabBarTest.ContactTabBar(GeneralTabBarTest.java:12)
	at com.onelogin.tests.GeneralTabBarTest.ContactTabBar(GeneralTabBarTest.java:12)
	at com.onelogin.tests.GeneralTabBarTest.ContactTabBar(GeneralTabBarTest.java:12)
	at com.onelogin.tests.GeneralTabBarTest.ContactTabBar(GeneralTabBarTest.java:12)
	at com.onelogin.tests.GeneralTabBarTest.ContactTabBar(GeneralTabBarTest.java:12)
	at com.onelogin.tests.GeneralTabBarTest.ContactTabBar(GeneralTabBarTest.java:12)
	at com.onelogin.tests.GeneralTabBarTest.ContactTabBar(GeneralTabBarTest.java:12)
	at com.onelogin.tests.GeneralTabBarTest.ContactTabBar(GeneralTabBarTest.java:12)
	at com.onelogin.tests.GeneralTabBarTest.ContactTabBar(GeneralTabBarTest.java:12)
	at com.onelogin.tests.GeneralTabBarTest.ContactTabBar(GeneralTabBarTest.java:12)
	at com.onelogin.tests.GeneralTabBarTest.ContactTabBar(GeneralTabBarTest.java:12)
	at com.onelogin.tests.GeneralTabBarTest.ContactTabBar(GeneralTabBarTest.java:12)
	at com.onelogin.tests.GeneralTabBarTest.ContactTabBar(GeneralTabBarTest.java:12)
	at com.onelogin.tests.GeneralTabBarTest.ContactTabBar(GeneralTabBarTest.java:12)
	at com.onelogin.tests.GeneralTabBarTest.ContactTabBar(GeneralTabBarTest.java:12)
	at com.onelogin.tests.GeneralTabBarTest.ContactTabBar(GeneralTabBarTest.java:12)
	at com.onelogin.tests.GeneralTabBarTest.ContactTabBar(GeneralTabBarTest.java:12)
	at com.onelogin.tests.GeneralTabBarTest.ContactTabBar(GeneralTabBarTest.java:12)
	at com.onelogin.tests.GeneralTabBarTest.ContactTabBar(GeneralTabBarTest.java:12)
	at com.onelogin.tests.GeneralTabBarTest.ContactTabBar(GeneralTabBarTest.java:12)
	at com.onelogin.tests.GeneralTabBarTest.ContactTabBar(GeneralTabBarTest.java:12)
	at com.onelogin.tests.GeneralTabBarTest.ContactTabBar(GeneralTabBarTest.java:12)
	at com.onelogin.tests.GeneralTabBarTest.ContactTabBar(GeneralTabBarTest.java:12)
	at com.onelogin.tests.GeneralTabBarTest.ContactTabBar(GeneralTabBarTest.java:12)
	at com.onelogin.tests.GeneralTabBarTest.ContactTabBar(GeneralTabBarTest.java:12)
	at com.onelogin.tests.GeneralTabBarTest.ContactTabBar(GeneralTabBarTest.java:12)
	at com.onelogin.tests.GeneralTabBarTest.ContactTabBar(GeneralTabBarTest.java:12)
	at com.onelogin.tests.GeneralTabBarTest.ContactTabBar(GeneralTabBarTest.java:12)
	at com.onelogin.tests.GeneralTabBarTest.ContactTabBar(GeneralTabBarTest.java:12)
	at com.onelogin.tests.GeneralTabBarTest.ContactTabBar(GeneralTabBarTest.java:12)
	at com.onelogin.tests.GeneralTabBarTest.ContactTabBar(GeneralTabBarTest.java:12)
	at com.onelogin.tests.GeneralTabBarTest.ContactTabBar(GeneralTabBarTest.java:12)
	at com.onelogin.tests.GeneralTabBarTest.ContactTabBar(GeneralTabBarTest.java:12)
	at com.onelogin.tests.GeneralTabBarTest.ContactTabBar(GeneralTabBarTest.java:12)
	at com.onelogin.tests.GeneralTabBarTest.ContactTabBar(GeneralTabBarTest.java:12)
	at com.onelogin.tests.GeneralTabBarTest.ContactTabBar(GeneralTabBarTest.java:12)
	at com.onelogin.tests.GeneralTabBarTest.ContactTabBar(GeneralTabBarTest.java:12)
	at com.onelogin.tests.GeneralTabBarTest.ContactTabBar(GeneralTabBarTest.java:12)
	at com.onelogin.tests.GeneralTabBarTest.ContactTabBar(GeneralTabBarTest.java:12)
	at com.onelogin.tests.GeneralTabBarTest.ContactTabBar(GeneralTabBarTest.java:12)
	at com.onelogin.tests.GeneralTabBarTest.ContactTabBar(GeneralTabBarTest.java:12)
	at com.onelogin.tests.GeneralTabBarTest.ContactTabBar(GeneralTabBarTest.java:12)
	at com.onelogin.tests.GeneralTabBarTest.ContactTabBar(GeneralTabBarTest.java:12)
	at com.onelogin.tests.GeneralTabBarTest.ContactTabBar(GeneralTabBarTest.java:12)
	at com.onelogin.tests.GeneralTabBarTest.ContactTabBar(GeneralTabBarTest.java:12)
	at com.onelogin.tests.GeneralTabBarTest.ContactTabBar(GeneralTabBarTest.java:12)
	at com.onelogin.tests.GeneralTabBarTest.ContactTabBar(GeneralTabBarTest.java:12)
	at com.onelogin.tests.GeneralTabBarTest.ContactTabBar(GeneralTabBarTest.java:12)
	at com.onelogin.tests.GeneralTabBarTest.ContactTabBar(GeneralTabBarTest.java:12)
	at com.onelogin.tests.GeneralTabBarTest.ContactTabBar(GeneralTabBarTest.java:12)
	at com.onelogin.tests.GeneralTabBarTest.ContactTabBar(GeneralTabBarTest.java:12)
	at com.onelogin.tests.GeneralTabBarTest.ContactTabBar(GeneralTabBarTest.java:12)
	at com.onelogin.tests.GeneralTabBarTest.ContactTabBar(GeneralTabBarTest.java:12)
	at com.onelogin.tests.GeneralTabBarTest.ContactTabBar(GeneralTabBarTest.java:12)
	at com.onelogin.tests.GeneralTabBarTest.ContactTabBar(GeneralTabBarTest.java:12)
	at com.onelogin.tests.GeneralTabBarTest.ContactTabBar(GeneralTabBarTest.java:12)
	at com.onelogin.tests.GeneralTabBarTest.ContactTabBar(GeneralTabBarTest.java:12)
	at com.onelogin.tests.GeneralTabBarTest.ContactTabBar(GeneralTabBarTest.java:12)
	at com.onelogin.tests.GeneralTabBarTest.ContactTabBar(GeneralTabBarTest.java:12)
	at com.onelogin.tests.GeneralTabBarTest.ContactTabBar(GeneralTabBarTest.java:12)
	at com.onelogin.tests.GeneralTabBarTest.ContactTabBar(GeneralTabBarTest.java:12)
	at com.onelogin.tests.GeneralTabBarTest.ContactTabBar(GeneralTabBarTest.java:12)
	at com.onelogin.tests.GeneralTabBarTest.ContactTabBar(GeneralTabBarTest.java:12)
	at com.onelogin.tests.GeneralTabBarTest.ContactTabBar(GeneralTabBarTest.java:12)
	at com.onelogin.tests.GeneralTabBarTest.ContactTabBar(GeneralTabBarTest.java:12)
	at com.onelogin.tests.GeneralTabBarTest.ContactTabBar(GeneralTabBarTest.java:12)
	at com.onelogin.tests.GeneralTabBarTest.ContactTabBar(GeneralTabBarTest.java:12)
	at com.onelogin.tests.GeneralTabBarTest.ContactTabBar(GeneralTabBarTest.java:12)
	at com.onelogin.tests.GeneralTabBarTest.ContactTabBar(GeneralTabBarTest.java:12)
	at com.onelogin.tests.GeneralTabBarTest.ContactTabBar(GeneralTabBarTest.java:12)
	at com.onelogin.tests.GeneralTabBarTest.ContactTabBar(GeneralTabBarTest.java:12)
	at com.onelogin.tests.GeneralTabBarTest.ContactTabBar(GeneralTabBarTest.java:12)
	at com.onelogin.tests.GeneralTabBarTest.ContactTabBar(GeneralTabBarTest.java:12)
	at com.onelogin.tests.GeneralTabBarTest.ContactTabBar(GeneralTabBarTest.java:12)
	at com.onelogin.tests.GeneralTabBarTest.ContactTabBar(GeneralTabBarTest.java:12)
	at com.onelogin.tests.GeneralTabBarTest.ContactTabBar(GeneralTabBarTest.java:12)
	at com.onelogin.tests.GeneralTabBarTest.ContactTabBar(GeneralTabBarTest.java:12)
	at com.onelogin.tests.GeneralTabBarTest.ContactTabBar(GeneralTabBarTest.java:12)
	at com.onelogin.tests.GeneralTabBarTest.ContactTabBar(GeneralTabBarTest.java:12)
	at com.onelogin.tests.GeneralTabBarTest.ContactTabBar(GeneralTabBarTest.java:12)
	at com.onelogin.tests.GeneralTabBarTest.ContactTabBar(GeneralTabBarTest.java:12)
	at com.onelogin.tests.GeneralTabBarTest.ContactTabBar(GeneralTabBarTest.java:12)
	at com.onelogin.tests.GeneralTabBarTest.ContactTabBar(GeneralTabBarTest.java:12)
	at com.onelogin.tests.GeneralTabBarTest.ContactTabBar(GeneralTabBarTest.java:12)
	at com.onelogin.tests.GeneralTabBarTest.ContactTabBar(GeneralTabBarTest.java:12)
	at com.onelogin.tests.GeneralTabBarTest.ContactTabBar(GeneralTabBarTest.java:12)
	at com.onelogin.tests.GeneralTabBarTest.ContactTabBar(GeneralTabBarTest.java:12)
	at com.onelogin.tests.GeneralTabBarTest.ContactTabBar(GeneralTabBarTest.java:12)
	at com.onelogin.tests.GeneralTabBarTest.ContactTabBar(GeneralTabBarTest.java:12)
	at com.onelogin.tests.GeneralTabBarTest.ContactTabBar(GeneralTabBarTest.java:12)
	at com.onelogin.tests.GeneralTabBarTest.ContactTabBar(GeneralTabBarTest.java:12)
	at com.onelogin.tests.GeneralTabBarTest.ContactTabBar(GeneralTabBarTest.java:12)
	at com.onelogin.tests.GeneralTabBarTest.ContactTabBar(GeneralTabBarTest.java:12)
	at com.onelogin.tests.GeneralTabBarTest.ContactTabBar(GeneralTabBarTest.java:12)
	at com.onelogin.tests.GeneralTabBarTest.ContactTabBar(GeneralTabBarTest.java:12)
	at com.onelogin.tests.GeneralTabBarTest.ContactTabBar(GeneralTabBarTest.java:12)
	at com.onelogin.tests.GeneralTabBarTest.ContactTabBar(GeneralTabBarTest.java:12)
	at com.onelogin.tests.GeneralTabBarTest.ContactTabBar(GeneralTabBarTest.java:12)
	at com.onelogin.tests.GeneralTabBarTest.ContactTabBar(GeneralTabBarTest.java:12)
	at com.onelogin.tests.GeneralTabBarTest.ContactTabBar(GeneralTabBarTest.java:12)
	at com.onelogin.tests.GeneralTabBarTest.ContactTabBar(GeneralTabBarTest.java:12)
	at com.onelogin.tests.GeneralTabBarTest.ContactTabBar(GeneralTabBarTest.java:12)
	at com.onelogin.tests.GeneralTabBarTest.ContactTabBar(GeneralTabBarTest.java:12)
	at com.onelogin.tests.GeneralTabBarTest.ContactTabBar(GeneralTabBarTest.java:12)
	at com.onelogin.tests.GeneralTabBarTest.ContactTabBar(GeneralTabBarTest.java:12)
	at com.onelogin.tests.GeneralTabBarTest.ContactTabBar(GeneralTabBarTest.java:12)
	at com.onelogin.tests.GeneralTabBarTest.ContactTabBar(GeneralTabBarTest.java:12)
	at com.onelogin.tests.GeneralTabBarTest.ContactTabBar(GeneralTabBarTest.java:12)
	at com.onelogin.tests.GeneralTabBarTest.ContactTabBar(GeneralTabBarTest.java:12)
	at com.onelogin.tests.GeneralTabBarTest.ContactTabBar(GeneralTabBarTest.java:12)
	at com.onelogin.tests.GeneralTabBarTest.ContactTabBar(GeneralTabBarTest.java:12)
	at com.onelogin.tests.GeneralTabBarTest.ContactTabBar(GeneralTabBarTest.java:12)
	at com.onelogin.tests.GeneralTabBarTest.ContactTabBar(GeneralTabBarTest.java:12)
	at com.onelogin.tests.GeneralTabBarTest.ContactTabBar(GeneralTabBarTest.java:12)
	at com.onelogin.tests.GeneralTabBarTest.ContactTabBar(GeneralTabBarTest.java:12)
	at com.onelogin.tests.GeneralTabBarTest.ContactTabBar(GeneralTabBarTest.java:12)
	at com.onelogin.tests.GeneralTabBarTest.ContactTabBar(GeneralTabBarTest.java:12)
	at com.onelogin.tests.GeneralTabBarTest.ContactTabBar(GeneralTabBarTest.java:12)
	at com.onelogin.tests.GeneralTabBarTest.ContactTabBar(GeneralTabBarTest.java:12)
	at com.onelogin.tests.GeneralTabBarTest.ContactTabBar(GeneralTabBarTest.java:12)
	at com.onelogin.tests.GeneralTabBarTest.ContactTabBar(GeneralTabBarTest.java:12)
	at com.onelogin.tests.GeneralTabBarTest.ContactTabBar(GeneralTabBarTest.java:12)
	at com.onelogin.tests.GeneralTabBarTest.ContactTabBar(GeneralTabBarTest.java:12)
	at com.onelogin.tests.GeneralTabBarTest.ContactTabBar(GeneralTabBarTest.java:12)
	at com.onelogin.tests.GeneralTabBarTest.ContactTabBar(GeneralTabBarTest.java:12)
	at com.onelogin.tests.GeneralTabBarTest.ContactTabBar(GeneralTabBarTest.java:12)
	at com.onelogin.tests.GeneralTabBarTest.ContactTabBar(GeneralTabBarTest.java:12)
	at com.onelogin.tests.GeneralTabBarTest.ContactTabBar(GeneralTabBarTest.java:12)
	at com.onelogin.tests.GeneralTabBarTest.ContactTabBar(GeneralTabBarTest.java:12)
	at com.onelogin.tests.GeneralTabBarTest.ContactTabBar(GeneralTabBarTest.java:12)
	at com.onelogin.tests.GeneralTabBarTest.ContactTabBar(GeneralTabBarTest.java:12)
	at com.onelogin.tests.GeneralTabBarTest.ContactTabBar(GeneralTabBarTest.java:12)
	at com.onelogin.tests.GeneralTabBarTest.ContactTabBar(GeneralTabBarTest.java:12)
	at com.onelogin.tests.GeneralTabBarTest.ContactTabBar(GeneralTabBarTest.java:12)
	at com.onelogin.tests.GeneralTabBarTest.ContactTabBar(GeneralTabBarTest.java:12)
	at com.onelogin.tests.GeneralTabBarTest.ContactTabBar(GeneralTabBarTest.java:12)
	at com.onelogin.tests.GeneralTabBarTest.ContactTabBar(GeneralTabBarTest.java:12)
	at com.onelogin.tests.GeneralTabBarTest.ContactTabBar(GeneralTabBarTest.java:12)
	at com.onelogin.tests.GeneralTabBarTest.ContactTabBar(GeneralTabBarTest.java:12)
	at com.onelogin.tests.GeneralTabBarTest.ContactTabBar(GeneralTabBarTest.java:12)
	at com.onelogin.tests.GeneralTabBarTest.ContactTabBar(GeneralTabBarTest.java:12)
	at com.onelogin.tests.GeneralTabBarTest.ContactTabBar(GeneralTabBarTest.java:12)
	at com.onelogin.tests.GeneralTabBarTest.ContactTabBar(GeneralTabBarTest.java:12)
	at com.onelogin.tests.GeneralTabBarTest.ContactTabBar(GeneralTabBarTest.java:12)
	at com.onelogin.tests.GeneralTabBarTest.ContactTabBar(GeneralTabBarTest.java:12)
	at com.onelogin.tests.GeneralTabBarTest.ContactTabBar(GeneralTabBarTest.java:12)
	at com.onelogin.tests.GeneralTabBarTest.ContactTabBar(GeneralTabBarTest.java:12)
	at com.onelogin.tests.GeneralTabBarTest.ContactTabBar(GeneralTabBarTest.java:12)
	at com.onelogin.tests.GeneralTabBarTest.ContactTabBar(GeneralTabBarTest.java:12)
	at com.onelogin.tests.GeneralTabBarTest.ContactTabBar(GeneralTabBarTest.java:12)
	at com.onelogin.tests.GeneralTabBarTest.ContactTabBar(GeneralTabBarTest.java:12)
	at com.onelogin.tests.GeneralTabBarTest.ContactTabBar(GeneralTabBarTest.java:12)
	at com.onelogin.tests.GeneralTabBarTest.ContactTabBar(GeneralTabBarTest.java:12)
	at com.onelogin.tests.GeneralTabBarTest.ContactTabBar(GeneralTabBarTest.java:12)
	at com.onelogin.tests.GeneralTabBarTest.ContactTabBar(GeneralTabBarTest.java:12)
	at com.onelogin.tests.GeneralTabBarTest.ContactTabBar(GeneralTabBarTest.java:12)
	at com.onelogin.tests.GeneralTabBarTest.ContactTabBar(GeneralTabBarTest.java:12)
	at com.onelogin.tests.GeneralTabBarTest.ContactTabBar(GeneralTabBarTest.java:12)
	at com.onelogin.tests.GeneralTabBarTest.ContactTabBar(GeneralTabBarTest.java:12)
	at com.onelogin.tests.GeneralTabBarTest.ContactTabBar(GeneralTabBarTest.java:12)
	at com.onelogin.tests.GeneralTabBarTest.ContactTabBar(GeneralTabBarTest.java:12)
	at com.onelogin.tests.GeneralTabBarTest.ContactTabBar(GeneralTabBarTest.java:12)
	at com.onelogin.tests.GeneralTabBarTest.ContactTabBar(GeneralTabBarTest.java:12)
	at com.onelogin.tests.GeneralTabBarTest.ContactTabBar(GeneralTabBarTest.java:12)
	at com.onelogin.tests.GeneralTabBarTest.ContactTabBar(GeneralTabBarTest.java:12)
	at com.onelogin.tests.GeneralTabBarTest.ContactTabBar(GeneralTabBarTest.java:12)
	at com.onelogin.tests.GeneralTabBarTest.ContactTabBar(GeneralTabBarTest.java:12)
	at com.onelogin.tests.GeneralTabBarTest.ContactTabBar(GeneralTabBarTest.java:12)
	at com.onelogin.tests.GeneralTabBarTest.ContactTabBar(GeneralTabBarTest.java:12)
	at com.onelogin.tests.GeneralTabBarTest.ContactTabBar(GeneralTabBarTest.java:12)
	at com.onelogin.tests.GeneralTabBarTest.ContactTabBar(GeneralTabBarTest.java:12)
	at com.onelogin.tests.GeneralTabBarTest.ContactTabBar(GeneralTabBarTest.java:12)
	at com.onelogin.tests.GeneralTabBarTest.ContactTabBar(GeneralTabBarTest.java:12)
	at com.onelogin.tests.GeneralTabBarTest.ContactTabBar(GeneralTabBarTest.java:12)
	at com.onelogin.tests.GeneralTabBarTest.ContactTabBar(GeneralTabBarTest.java:12)
	at com.onelogin.tests.GeneralTabBarTest.ContactTabBar(GeneralTabBarTest.java:12)
	at com.onelogin.tests.GeneralTabBarTest.ContactTabBar(GeneralTabBarTest.java:12)
	at com.onelogin.tests.GeneralTabBarTest.ContactTabBar(GeneralTabBarTest.java:12)
	at com.onelogin.tests.GeneralTabBarTest.ContactTabBar(GeneralTabBarTest.java:12)
	at com.onelogin.tests.GeneralTabBarTest.ContactTabBar(GeneralTabBarTest.java:12)
	at com.onelogin.tests.GeneralTabBarTest.ContactTabBar(GeneralTabBarTest.java:12)
	at com.onelogin.tests.GeneralTabBarTest.ContactTabBar(GeneralTabBarTest.java:12)
	at com.onelogin.tests.GeneralTabBarTest.ContactTabBar(GeneralTabBarTest.java:12)
	at com.onelogin.tests.GeneralTabBarTest.ContactTabBar(GeneralTabBarTest.java:12)
	at com.onelogin.tests.GeneralTabBarTest.ContactTabBar(GeneralTabBarTest.java:12)
	at com.onelogin.tests.GeneralTabBarTest.ContactTabBar(GeneralTabBarTest.java:12)
	at com.onelogin.tests.GeneralTabBarTest.ContactTabBar(GeneralTabBarTest.java:12)
	at com.onelogin.tests.GeneralTabBarTest.ContactTabBar(GeneralTabBarTest.java:12)
	at com.onelogin.tests.GeneralTabBarTest.ContactTabBar(GeneralTabBarTest.java:12)
	at com.onelogin.tests.GeneralTabBarTest.ContactTabBar(GeneralTabBarTest.java:12)
	at com.onelogin.tests.GeneralTabBarTest.ContactTabBar(GeneralTabBarTest.java:12)
	at com.onelogin.tests.GeneralTabBarTest.ContactTabBar(GeneralTabBarTest.java:12)
	at com.onelogin.tests.GeneralTabBarTest.ContactTabBar(GeneralTabBarTest.java:12)
	at com.onelogin.tests.GeneralTabBarTest.ContactTabBar(GeneralTabBarTest.java:12)
	at com.onelogin.tests.GeneralTabBarTest.ContactTabBar(GeneralTabBarTest.java:12)
	at com.onelogin.tests.GeneralTabBarTest.ContactTabBar(GeneralTabBarTest.java:12)
	at com.onelogin.tests.GeneralTabBarTest.ContactTabBar(GeneralTabBarTest.java:12)
	at com.onelogin.tests.GeneralTabBarTest.ContactTabBar(GeneralTabBarTest.java:12)
	at com.onelogin.tests.GeneralTabBarTest.ContactTabBar(GeneralTabBarTest.java:12)
	at com.onelogin.tests.GeneralTabBarTest.ContactTabBar(GeneralTabBarTest.java:12)
	at com.onelogin.tests.GeneralTabBarTest.ContactTabBar(GeneralTabBarTest.java:12)
	at com.onelogin.tests.GeneralTabBarTest.ContactTabBar(GeneralTabBarTest.java:12)
	at com.onelogin.tests.GeneralTabBarTest.ContactTabBar(GeneralTabBarTest.java:12)
	at com.onelogin.tests.GeneralTabBarTest.ContactTabBar(GeneralTabBarTest.java:12)
	at com.onelogin.tests.GeneralTabBarTest.ContactTabBar(GeneralTabBarTest.java:12)
	at com.onelogin.tests.GeneralTabBarTest.ContactTabBar(GeneralTabBarTest.java:12)
	at com.onelogin.tests.GeneralTabBarTest.ContactTabBar(GeneralTabBarTest.java:12)
	at com.onelogin.tests.GeneralTabBarTest.ContactTabBar(GeneralTabBarTest.java:12)
	at com.onelogin.tests.GeneralTabBarTest.ContactTabBar(GeneralTabBarTest.java:12)
	at com.onelogin.tests.GeneralTabBarTest.ContactTabBar(GeneralTabBarTest.java:12)
	at com.onelogin.tests.GeneralTabBarTest.ContactTabBar(GeneralTabBarTest.java:12)
	at com.onelogin.tests.GeneralTabBarTest.ContactTabBar(GeneralTabBarTest.java:12)
	at com.onelogin.tests.GeneralTabBarTest.ContactTabBar(GeneralTabBarTest.java:12)
	at com.onelogin.tests.GeneralTabBarTest.ContactTabBar(GeneralTabBarTest.java:12)
	at com.onelogin.tests.GeneralTabBarTest.ContactTabBar(GeneralTabBarTest.java:12)
	at com.onelogin.tests.GeneralTabBarTest.ContactTabBar(GeneralTabBarTest.java:12)
	at com.onelogin.tests.GeneralTabBarTest.ContactTabBar(GeneralTabBarTest.java:12)
	at com.onelogin.tests.GeneralTabBarTest.ContactTabBar(GeneralTabBarTest.java:12)
	at com.onelogin.tests.GeneralTabBarTest.ContactTabBar(GeneralTabBarTest.java:12)
	at com.onelogin.tests.GeneralTabBarTest.ContactTabBar(GeneralTabBarTest.java:12)
	at com.onelogin.tests.GeneralTabBarTest.ContactTabBar(GeneralTabBarTest.java:12)
	at com.onelogin.tests.GeneralTabBarTest.ContactTabBar(GeneralTabBarTest.java:12)
	at com.onelogin.tests.GeneralTabBarTest.ContactTabBar(GeneralTabBarTest.java:12)
	at com.onelogin.tests.GeneralTabBarTest.ContactTabBar(GeneralTabBarTest.java:12)
	at com.onelogin.tests.GeneralTabBarTest.ContactTabBar(GeneralTabBarTest.java:12)
	at com.onelogin.tests.GeneralTabBarTest.ContactTabBar(GeneralTabBarTest.java:12)
	at com.onelogin.tests.GeneralTabBarTest.ContactTabBar(GeneralTabBarTest.java:12)
	at com.onelogin.tests.GeneralTabBarTest.ContactTabBar(GeneralTabBarTest.java:12)
	at com.onelogin.tests.GeneralTabBarTest.ContactTabBar(GeneralTabBarTest.java:12)
	at com.onelogin.tests.GeneralTabBarTest.ContactTabBar(GeneralTabBarTest.java:12)
	at com.onelogin.tests.GeneralTabBarTest.ContactTabBar(GeneralTabBarTest.java:12)
	at com.onelogin.tests.GeneralTabBarTest.ContactTabBar(GeneralTabBarTest.java:12)
	at com.onelogin.tests.GeneralTabBarTest.ContactTabBar(GeneralTabBarTest.java:12)
	at com.onelogin.tests.GeneralTabBarTest.ContactTabBar(GeneralTabBarTest.java:12)
	at com.onelogin.tests.GeneralTabBarTest.ContactTabBar(GeneralTabBarTest.java:12)
	at com.onelogin.tests.GeneralTabBarTest.ContactTabBar(GeneralTabBarTest.java:12)
	at com.onelogin.tests.GeneralTabBarTest.ContactTabBar(GeneralTabBarTest.java:12)
	at com.onelogin.tests.GeneralTabBarTest.ContactTabBar(GeneralTabBarTest.java:12)
	at com.onelogin.tests.GeneralTabBarTest.ContactTabBar(GeneralTabBarTest.java:12)
	at com.onelogin.tests.GeneralTabBarTest.ContactTabBar(GeneralTabBarTest.java:12)
	at com.onelogin.tests.GeneralTabBarTest.ContactTabBar(GeneralTabBarTest.java:12)
	at com.onelogin.tests.GeneralTabBarTest.ContactTabBar(GeneralTabBarTest.java:12)
	at com.onelogin.tests.GeneralTabBarTest.ContactTabBar(GeneralTabBarTest.java:12)
	at com.onelogin.tests.GeneralTabBarTest.ContactTabBar(GeneralTabBarTest.java:12)
	at com.onelogin.tests.GeneralTabBarTest.ContactTabBar(GeneralTabBarTest.java:12)
	at com.onelogin.tests.GeneralTabBarTest.ContactTabBar(GeneralTabBarTest.java:12)
	at com.onelogin.tests.GeneralTabBarTest.ContactTabBar(GeneralTabBarTest.java:12)
	at com.onelogin.tests.GeneralTabBarTest.ContactTabBar(GeneralTabBarTest.java:12)
	at com.onelogin.tests.GeneralTabBarTest.ContactTabBar(GeneralTabBarTest.java:12)
	at com.onelogin.tests.GeneralTabBarTest.ContactTabBar(GeneralTabBarTest.java:12)
	at com.onelogin.tests.GeneralTabBarTest.ContactTabBar(GeneralTabBarTest.java:12)
	at com.onelogin.tests.GeneralTabBarTest.ContactTabBar(GeneralTabBarTest.java:12)
	at com.onelogin.tests.GeneralTabBarTest.ContactTabBar(GeneralTabBarTest.java:12)
	at com.onelogin.tests.GeneralTabBarTest.ContactTabBar(GeneralTabBarTest.java:12)
	at com.onelogin.tests.GeneralTabBarTest.ContactTabBar(GeneralTabBarTest.java:12)
	at com.onelogin.tests.GeneralTabBarTest.ContactTabBar(GeneralTabBarTest.java:12)
	at com.onelogin.tests.GeneralTabBarTest.ContactTabBar(GeneralTabBarTest.java:12)
	at com.onelogin.tests.GeneralTabBarTest.ContactTabBar(GeneralTabBarTest.java:12)
	at com.onelogin.tests.GeneralTabBarTest.ContactTabBar(GeneralTabBarTest.java:12)
	at com.onelogin.tests.GeneralTabBarTest.ContactTabBar(GeneralTabBarTest.java:12)
	at com.onelogin.tests.GeneralTabBarTest.ContactTabBar(GeneralTabBarTest.java:12)
	at com.onelogin.tests.GeneralTabBarTest.ContactTabBar(GeneralTabBarTest.java:12)
	at com.onelogin.tests.GeneralTabBarTest.ContactTabBar(GeneralTabBarTest.java:12)
	at com.onelogin.tests.GeneralTabBarTest.ContactTabBar(GeneralTabBarTest.java:12)
	at com.onelogin.tests.GeneralTabBarTest.ContactTabBar(GeneralTabBarTest.java:12)
	at com.onelogin.tests.GeneralTabBarTest.ContactTabBar(GeneralTabBarTest.java:12)
	at com.onelogin.tests.GeneralTabBarTest.ContactTabBar(GeneralTabBarTest.java:12)
	at com.onelogin.tests.GeneralTabBarTest.ContactTabBar(GeneralTabBarTest.java:12)
	at com.onelogin.tests.GeneralTabBarTest.ContactTabBar(GeneralTabBarTest.java:12)
	at com.onelogin.tests.GeneralTabBarTest.ContactTabBar(GeneralTabBarTest.java:12)
	at com.onelogin.tests.GeneralTabBarTest.ContactTabBar(GeneralTabBarTest.java:12)
	at com.onelogin.tests.GeneralTabBarTest.ContactTabBar(GeneralTabBarTest.java:12)
	at com.onelogin.tests.GeneralTabBarTest.ContactTabBar(GeneralTabBarTest.java:12)
	at com.onelogin.tests.GeneralTabBarTest.ContactTabBar(GeneralTabBarTest.java:12)
	at com.onelogin.tests.GeneralTabBarTest.ContactTabBar(GeneralTabBarTest.java:12)
	at com.onelogin.tests.GeneralTabBarTest.ContactTabBar(GeneralTabBarTest.java:12)
	at com.onelogin.tests.GeneralTabBarTest.ContactTabBar(GeneralTabBarTest.java:12)
	at com.onelogin.tests.GeneralTabBarTest.ContactTabBar(GeneralTabBarTest.java:12)
	at com.onelogin.tests.GeneralTabBarTest.ContactTabBar(GeneralTabBarTest.java:12)
	at com.onelogin.tests.GeneralTabBarTest.ContactTabBar(GeneralTabBarTest.java:12)
	at com.onelogin.tests.GeneralTabBarTest.ContactTabBar(GeneralTabBarTest.java:12)
	at com.onelogin.tests.GeneralTabBarTest.ContactTabBar(GeneralTabBarTest.java:12)
	at com.onelogin.tests.GeneralTabBarTest.ContactTabBar(GeneralTabBarTest.java:12)
	at com.onelogin.tests.GeneralTabBarTest.ContactTabBar(GeneralTabBarTest.java:12)
	at com.onelogin.tests.GeneralTabBarTest.ContactTabBar(GeneralTabBarTest.java:12)
	at com.onelogin.tests.GeneralTabBarTest.ContactTabBar(GeneralTabBarTest.java:12)
	at com.onelogin.tests.GeneralTabBarTest.ContactTabBar(GeneralTabBarTest.java:12)
	at com.onelogin.tests.GeneralTabBarTest.ContactTabBar(GeneralTabBarTest.java:12)
	at com.onelogin.tests.GeneralTabBarTest.ContactTabBar(GeneralTabBarTest.java:12)
	at com.onelogin.tests.GeneralTabBarTest.ContactTabBar(GeneralTabBarTest.java:12)
	at com.onelogin.tests.GeneralTabBarTest.ContactTabBar(GeneralTabBarTest.java:12)
	at com.onelogin.tests.GeneralTabBarTest.ContactTabBar(GeneralTabBarTest.java:12)
	at com.onelogin.tests.GeneralTabBarTest.ContactTabBar(GeneralTabBarTest.java:12)
	at com.onelogin.tests.GeneralTabBarTest.ContactTabBar(GeneralTabBarTest.java:12)
	at com.onelogin.tests.GeneralTabBarTest.ContactTabBar(GeneralTabBarTest.java:12)
	at com.onelogin.tests.GeneralTabBarTest.ContactTabBar(GeneralTabBarTest.java:12)
	at com.onelogin.tests.GeneralTabBarTest.ContactTabBar(GeneralTabBarTest.java:12)
	at com.onelogin.tests.GeneralTabBarTest.ContactTabBar(GeneralTabBarTest.java:12)
	at com.onelogin.tests.GeneralTabBarTest.ContactTabBar(GeneralTabBarTest.java:12)
	at com.onelogin.tests.GeneralTabBarTest.ContactTabBar(GeneralTabBarTest.java:12)
	at com.onelogin.tests.GeneralTabBarTest.ContactTabBar(GeneralTabBarTest.java:12)
	at com.onelogin.tests.GeneralTabBarTest.ContactTabBar(GeneralTabBarTest.java:12)
	at com.onelogin.tests.GeneralTabBarTest.ContactTabBar(GeneralTabBarTest.java:12)
	at com.onelogin.tests.GeneralTabBarTest.ContactTabBar(GeneralTabBarTest.java:12)
	at com.onelogin.tests.GeneralTabBarTest.ContactTabBar(GeneralTabBarTest.java:12)
]]>
    </failure>
  </testcase> <!-- ContactTabBar -->
</testsuite> <!-- com.onelogin.tests.GeneralTabBarTest -->
